<?xml version="1.0" encoding="UTF-8"?>
<testsuite name="com.employeelaptopdeliverytracking.employeelaptopdeliverytracking.ComplaintsTests" tests="5" skipped="0" failures="0" errors="0" timestamp="2022-10-27T17:35:29" hostname="SKDB-73CQGPS" time="0.104">
  <properties/>
  <testcase name="testGetComplaintFromDao()" classname="com.employeelaptopdeliverytracking.employeelaptopdeliverytracking.ComplaintsTests" time="0.014"/>
  <testcase name="testAddComplaintsDao()" classname="com.employeelaptopdeliverytracking.employeelaptopdeliverytracking.ComplaintsTests" time="0.017"/>
  <testcase name="testGetAllEmployeeComplaints()" classname="com.employeelaptopdeliverytracking.employeelaptopdeliverytracking.ComplaintsTests" time="0.019"/>
  <testcase name="testGetComplaints()" classname="com.employeelaptopdeliverytracking.employeelaptopdeliverytracking.ComplaintsTests" time="0.025"/>
  <testcase name="testAddComplaints()" classname="com.employeelaptopdeliverytracking.employeelaptopdeliverytracking.ComplaintsTests" time="0.027"/>
  <system-out><![CDATA[2022-10-27 23:05:29.943  INFO 21944 --- [    Test worker] .b.t.c.SpringBootTestContextBootstrapper : Neither @ContextConfiguration nor @ContextHierarchy found for test class [com.employeelaptopdeliverytracking.employeelaptopdeliverytracking.ComplaintsTests], using SpringBootContextLoader
2022-10-27 23:05:29.943  INFO 21944 --- [    Test worker] o.s.t.c.support.AbstractContextLoader    : Could not detect default resource locations for test class [com.employeelaptopdeliverytracking.employeelaptopdeliverytracking.ComplaintsTests]: no resource found for suffixes {-context.xml, Context.groovy}.
2022-10-27 23:05:29.943  INFO 21944 --- [    Test worker] t.c.s.AnnotationConfigContextLoaderUtils : Could not detect default configuration classes for test class [com.employeelaptopdeliverytracking.employeelaptopdeliverytracking.ComplaintsTests]: ComplaintsTests does not declare any static, non-private, non-final, nested classes annotated with @Configuration.
2022-10-27 23:05:29.944  INFO 21944 --- [    Test worker] .b.t.c.SpringBootTestContextBootstrapper : Found @SpringBootConfiguration com.employeelaptopdeliverytracking.employeelaptopdeliverytracking.EmployeelaptopdeliverytrackingApplication for test class com.employeelaptopdeliverytracking.employeelaptopdeliverytracking.ComplaintsTests
2022-10-27 23:05:29.945  INFO 21944 --- [    Test worker] .b.t.c.SpringBootTestContextBootstrapper : Loaded default TestExecutionListener class names from location [META-INF/spring.factories]: [org.springframework.boot.test.autoconfigure.restdocs.RestDocsTestExecutionListener, org.springframework.boot.test.autoconfigure.web.client.MockRestServiceServerResetTestExecutionListener, org.springframework.boot.test.autoconfigure.web.servlet.MockMvcPrintOnlyOnFailureTestExecutionListener, org.springframework.boot.test.autoconfigure.web.servlet.WebDriverTestExecutionListener, org.springframework.boot.test.autoconfigure.webservices.client.MockWebServiceServerTestExecutionListener, org.springframework.boot.test.mock.mockito.MockitoTestExecutionListener, org.springframework.boot.test.mock.mockito.ResetMocksTestExecutionListener, org.springframework.test.context.web.ServletTestExecutionListener, org.springframework.test.context.support.DirtiesContextBeforeModesTestExecutionListener, org.springframework.test.context.event.ApplicationEventsTestExecutionListener, org.springframework.test.context.support.DependencyInjectionTestExecutionListener, org.springframework.test.context.support.DirtiesContextTestExecutionListener, org.springframework.test.context.transaction.TransactionalTestExecutionListener, org.springframework.test.context.jdbc.SqlScriptsTestExecutionListener, org.springframework.test.context.event.EventPublishingTestExecutionListener]
2022-10-27 23:05:29.945  INFO 21944 --- [    Test worker] .b.t.c.SpringBootTestContextBootstrapper : Using TestExecutionListeners: [org.springframework.test.context.web.ServletTestExecutionListener@777c5d6d, org.springframework.test.context.support.DirtiesContextBeforeModesTestExecutionListener@6a6806a2, org.springframework.test.context.event.ApplicationEventsTestExecutionListener@82501d, org.springframework.boot.test.mock.mockito.MockitoTestExecutionListener@436a96d3, org.springframework.boot.test.autoconfigure.SpringBootDependencyInjectionTestExecutionListener@56e82ce6, org.springframework.test.context.support.DirtiesContextTestExecutionListener@7c1f7d8f, org.springframework.test.context.transaction.TransactionalTestExecutionListener@6e8fc8a9, org.springframework.test.context.jdbc.SqlScriptsTestExecutionListener@79c407a5, org.springframework.test.context.event.EventPublishingTestExecutionListener@6edc9b67, org.springframework.boot.test.autoconfigure.restdocs.RestDocsTestExecutionListener@69a87036, org.springframework.boot.test.autoconfigure.web.client.MockRestServiceServerResetTestExecutionListener@79f2372a, org.springframework.boot.test.autoconfigure.web.servlet.MockMvcPrintOnlyOnFailureTestExecutionListener@2052fe9e, org.springframework.boot.test.autoconfigure.web.servlet.WebDriverTestExecutionListener@2a5f4e50, org.springframework.boot.test.autoconfigure.webservices.client.MockWebServiceServerTestExecutionListener@5cb2ed, org.springframework.boot.test.mock.mockito.ResetMocksTestExecutionListener@687f8eab]
]]></system-out>
  <system-err><![CDATA[]]></system-err>
</testsuite>
