<?xml version="1.0" encoding="UTF-8"?>
<testsuite name="com.employeelaptopdeliverytracking.employeelaptopdeliverytracking.RequestTests" tests="8" skipped="0" failures="0" errors="0" timestamp="2022-10-27T08:24:31" hostname="SKDB-73CQGPS" time="0.198">
  <properties/>
  <testcase name="testAddRequest()" classname="com.employeelaptopdeliverytracking.employeelaptopdeliverytracking.RequestTests" time="0.067"/>
  <testcase name="testSetTrackingUpdate()" classname="com.employeelaptopdeliverytracking.employeelaptopdeliverytracking.RequestTests" time="0.012"/>
  <testcase name="testAddTrackingDetails()" classname="com.employeelaptopdeliverytracking.employeelaptopdeliverytracking.RequestTests" time="0.039"/>
  <testcase name="testGetRequestFromDao()" classname="com.employeelaptopdeliverytracking.employeelaptopdeliverytracking.RequestTests" time="0.013"/>
  <testcase name="testGetTrackingUpdate()" classname="com.employeelaptopdeliverytracking.employeelaptopdeliverytracking.RequestTests" time="0.01"/>
  <testcase name="testGetDeliveryPersonDetails()" classname="com.employeelaptopdeliverytracking.employeelaptopdeliverytracking.RequestTests" time="0.015"/>
  <testcase name="testAddComplaintsDao()" classname="com.employeelaptopdeliverytracking.employeelaptopdeliverytracking.RequestTests" time="0.015"/>
  <testcase name="testAddDeliveryPersonDetails()" classname="com.employeelaptopdeliverytracking.employeelaptopdeliverytracking.RequestTests" time="0.022"/>
  <system-out><![CDATA[2022-10-27 13:54:31.499  INFO 19984 --- [    Test worker] .b.t.c.SpringBootTestContextBootstrapper : Neither @ContextConfiguration nor @ContextHierarchy found for test class [com.employeelaptopdeliverytracking.employeelaptopdeliverytracking.RequestTests], using SpringBootContextLoader
2022-10-27 13:54:31.500  INFO 19984 --- [    Test worker] o.s.t.c.support.AbstractContextLoader    : Could not detect default resource locations for test class [com.employeelaptopdeliverytracking.employeelaptopdeliverytracking.RequestTests]: no resource found for suffixes {-context.xml, Context.groovy}.
2022-10-27 13:54:31.500  INFO 19984 --- [    Test worker] t.c.s.AnnotationConfigContextLoaderUtils : Could not detect default configuration classes for test class [com.employeelaptopdeliverytracking.employeelaptopdeliverytracking.RequestTests]: RequestTests does not declare any static, non-private, non-final, nested classes annotated with @Configuration.
2022-10-27 13:54:31.501  INFO 19984 --- [    Test worker] .b.t.c.SpringBootTestContextBootstrapper : Found @SpringBootConfiguration com.employeelaptopdeliverytracking.employeelaptopdeliverytracking.EmployeelaptopdeliverytrackingApplication for test class com.employeelaptopdeliverytracking.employeelaptopdeliverytracking.RequestTests
2022-10-27 13:54:31.502  INFO 19984 --- [    Test worker] .b.t.c.SpringBootTestContextBootstrapper : Loaded default TestExecutionListener class names from location [META-INF/spring.factories]: [org.springframework.boot.test.autoconfigure.restdocs.RestDocsTestExecutionListener, org.springframework.boot.test.autoconfigure.web.client.MockRestServiceServerResetTestExecutionListener, org.springframework.boot.test.autoconfigure.web.servlet.MockMvcPrintOnlyOnFailureTestExecutionListener, org.springframework.boot.test.autoconfigure.web.servlet.WebDriverTestExecutionListener, org.springframework.boot.test.autoconfigure.webservices.client.MockWebServiceServerTestExecutionListener, org.springframework.boot.test.mock.mockito.MockitoTestExecutionListener, org.springframework.boot.test.mock.mockito.ResetMocksTestExecutionListener, org.springframework.test.context.web.ServletTestExecutionListener, org.springframework.test.context.support.DirtiesContextBeforeModesTestExecutionListener, org.springframework.test.context.event.ApplicationEventsTestExecutionListener, org.springframework.test.context.support.DependencyInjectionTestExecutionListener, org.springframework.test.context.support.DirtiesContextTestExecutionListener, org.springframework.test.context.transaction.TransactionalTestExecutionListener, org.springframework.test.context.jdbc.SqlScriptsTestExecutionListener, org.springframework.test.context.event.EventPublishingTestExecutionListener]
2022-10-27 13:54:31.502  INFO 19984 --- [    Test worker] .b.t.c.SpringBootTestContextBootstrapper : Using TestExecutionListeners: [org.springframework.test.context.web.ServletTestExecutionListener@2a05469c, org.springframework.test.context.support.DirtiesContextBeforeModesTestExecutionListener@5260231b, org.springframework.test.context.event.ApplicationEventsTestExecutionListener@148718af, org.springframework.boot.test.mock.mockito.MockitoTestExecutionListener@258be962, org.springframework.boot.test.autoconfigure.SpringBootDependencyInjectionTestExecutionListener@253a6ae9, org.springframework.test.context.support.DirtiesContextTestExecutionListener@7691edae, org.springframework.test.context.transaction.TransactionalTestExecutionListener@5a7fd1b3, org.springframework.test.context.jdbc.SqlScriptsTestExecutionListener@2045e367, org.springframework.test.context.event.EventPublishingTestExecutionListener@56deb8a4, org.springframework.boot.test.autoconfigure.restdocs.RestDocsTestExecutionListener@2f5bd34c, org.springframework.boot.test.autoconfigure.web.client.MockRestServiceServerResetTestExecutionListener@b0d6d5d, org.springframework.boot.test.autoconfigure.web.servlet.MockMvcPrintOnlyOnFailureTestExecutionListener@4dcf980, org.springframework.boot.test.autoconfigure.web.servlet.WebDriverTestExecutionListener@27647a27, org.springframework.boot.test.autoconfigure.webservices.client.MockWebServiceServerTestExecutionListener@56541c34, org.springframework.boot.test.mock.mockito.ResetMocksTestExecutionListener@36d3f426]
]]></system-out>
  <system-err><![CDATA[]]></system-err>
</testsuite>
