<?xml version="1.0" encoding="UTF-8"?>
<testsuite name="com.employeelaptopdeliverytracking.employeelaptopdeliverytracking.RequestTests" tests="8" skipped="0" failures="0" errors="0" timestamp="2022-10-27T06:15:21" hostname="SKDB-73CQGPS" time="0.312">
  <properties/>
  <testcase name="testAddRequest()" classname="com.employeelaptopdeliverytracking.employeelaptopdeliverytracking.RequestTests" time="0.092"/>
  <testcase name="testSetTrackingUpdate()" classname="com.employeelaptopdeliverytracking.employeelaptopdeliverytracking.RequestTests" time="0.018"/>
  <testcase name="testAddTrackingDetails()" classname="com.employeelaptopdeliverytracking.employeelaptopdeliverytracking.RequestTests" time="0.062"/>
  <testcase name="testGetRequestFromDao()" classname="com.employeelaptopdeliverytracking.employeelaptopdeliverytracking.RequestTests" time="0.026"/>
  <testcase name="testGetTrackingUpdate()" classname="com.employeelaptopdeliverytracking.employeelaptopdeliverytracking.RequestTests" time="0.015"/>
  <testcase name="testGetDeliveryPersonDetails()" classname="com.employeelaptopdeliverytracking.employeelaptopdeliverytracking.RequestTests" time="0.024"/>
  <testcase name="testAddComplaintsDao()" classname="com.employeelaptopdeliverytracking.employeelaptopdeliverytracking.RequestTests" time="0.034"/>
  <testcase name="testAddDeliveryPersonDetails()" classname="com.employeelaptopdeliverytracking.employeelaptopdeliverytracking.RequestTests" time="0.033"/>
  <system-out><![CDATA[2022-10-27 11:45:21.686  INFO 19988 --- [    Test worker] .b.t.c.SpringBootTestContextBootstrapper : Neither @ContextConfiguration nor @ContextHierarchy found for test class [com.employeelaptopdeliverytracking.employeelaptopdeliverytracking.RequestTests], using SpringBootContextLoader
2022-10-27 11:45:21.687  INFO 19988 --- [    Test worker] o.s.t.c.support.AbstractContextLoader    : Could not detect default resource locations for test class [com.employeelaptopdeliverytracking.employeelaptopdeliverytracking.RequestTests]: no resource found for suffixes {-context.xml, Context.groovy}.
2022-10-27 11:45:21.688  INFO 19988 --- [    Test worker] t.c.s.AnnotationConfigContextLoaderUtils : Could not detect default configuration classes for test class [com.employeelaptopdeliverytracking.employeelaptopdeliverytracking.RequestTests]: RequestTests does not declare any static, non-private, non-final, nested classes annotated with @Configuration.
2022-10-27 11:45:21.689  INFO 19988 --- [    Test worker] .b.t.c.SpringBootTestContextBootstrapper : Found @SpringBootConfiguration com.employeelaptopdeliverytracking.employeelaptopdeliverytracking.EmployeelaptopdeliverytrackingApplication for test class com.employeelaptopdeliverytracking.employeelaptopdeliverytracking.RequestTests
2022-10-27 11:45:21.691  INFO 19988 --- [    Test worker] .b.t.c.SpringBootTestContextBootstrapper : Loaded default TestExecutionListener class names from location [META-INF/spring.factories]: [org.springframework.boot.test.autoconfigure.restdocs.RestDocsTestExecutionListener, org.springframework.boot.test.autoconfigure.web.client.MockRestServiceServerResetTestExecutionListener, org.springframework.boot.test.autoconfigure.web.servlet.MockMvcPrintOnlyOnFailureTestExecutionListener, org.springframework.boot.test.autoconfigure.web.servlet.WebDriverTestExecutionListener, org.springframework.boot.test.autoconfigure.webservices.client.MockWebServiceServerTestExecutionListener, org.springframework.boot.test.mock.mockito.MockitoTestExecutionListener, org.springframework.boot.test.mock.mockito.ResetMocksTestExecutionListener, org.springframework.test.context.web.ServletTestExecutionListener, org.springframework.test.context.support.DirtiesContextBeforeModesTestExecutionListener, org.springframework.test.context.event.ApplicationEventsTestExecutionListener, org.springframework.test.context.support.DependencyInjectionTestExecutionListener, org.springframework.test.context.support.DirtiesContextTestExecutionListener, org.springframework.test.context.transaction.TransactionalTestExecutionListener, org.springframework.test.context.jdbc.SqlScriptsTestExecutionListener, org.springframework.test.context.event.EventPublishingTestExecutionListener]
2022-10-27 11:45:21.692  INFO 19988 --- [    Test worker] .b.t.c.SpringBootTestContextBootstrapper : Using TestExecutionListeners: [org.springframework.test.context.web.ServletTestExecutionListener@6a6c7d33, org.springframework.test.context.support.DirtiesContextBeforeModesTestExecutionListener@64a0fe78, org.springframework.test.context.event.ApplicationEventsTestExecutionListener@bd4e117, org.springframework.boot.test.mock.mockito.MockitoTestExecutionListener@66aa09b9, org.springframework.boot.test.autoconfigure.SpringBootDependencyInjectionTestExecutionListener@6fa675ba, org.springframework.test.context.support.DirtiesContextTestExecutionListener@c961508, org.springframework.test.context.transaction.TransactionalTestExecutionListener@20e691d4, org.springframework.test.context.jdbc.SqlScriptsTestExecutionListener@16b7a3b0, org.springframework.test.context.event.EventPublishingTestExecutionListener@4ae00f79, org.springframework.boot.test.autoconfigure.restdocs.RestDocsTestExecutionListener@76626d78, org.springframework.boot.test.autoconfigure.web.client.MockRestServiceServerResetTestExecutionListener@629e2a51, org.springframework.boot.test.autoconfigure.web.servlet.MockMvcPrintOnlyOnFailureTestExecutionListener@499faf91, org.springframework.boot.test.autoconfigure.web.servlet.WebDriverTestExecutionListener@34eea1c, org.springframework.boot.test.autoconfigure.webservices.client.MockWebServiceServerTestExecutionListener@66a25ea0, org.springframework.boot.test.mock.mockito.ResetMocksTestExecutionListener@75fd3c87]
]]></system-out>
  <system-err><![CDATA[]]></system-err>
</testsuite>
