<?xml version="1.0" encoding="UTF-8"?>
<testsuite name="com.employeelaptopdeliverytracking.employeelaptopdeliverytracking.AddressTests" tests="2" skipped="0" failures="0" errors="0" timestamp="2022-10-27T18:44:46" hostname="SKDB-73CQGPS" time="0.029">
  <properties/>
  <testcase name="testAddressFromDao()" classname="com.employeelaptopdeliverytracking.employeelaptopdeliverytracking.AddressTests" time="0.02"/>
  <testcase name="testGetAddressFromDao()" classname="com.employeelaptopdeliverytracking.employeelaptopdeliverytracking.AddressTests" time="0.009"/>
  <system-out><![CDATA[2022-10-28 00:14:46.688  INFO 3992 --- [    Test worker] .b.t.c.SpringBootTestContextBootstrapper : Neither @ContextConfiguration nor @ContextHierarchy found for test class [com.employeelaptopdeliverytracking.employeelaptopdeliverytracking.AddressTests], using SpringBootContextLoader
2022-10-28 00:14:46.689  INFO 3992 --- [    Test worker] o.s.t.c.support.AbstractContextLoader    : Could not detect default resource locations for test class [com.employeelaptopdeliverytracking.employeelaptopdeliverytracking.AddressTests]: no resource found for suffixes {-context.xml, Context.groovy}.
2022-10-28 00:14:46.690  INFO 3992 --- [    Test worker] t.c.s.AnnotationConfigContextLoaderUtils : Could not detect default configuration classes for test class [com.employeelaptopdeliverytracking.employeelaptopdeliverytracking.AddressTests]: AddressTests does not declare any static, non-private, non-final, nested classes annotated with @Configuration.
2022-10-28 00:14:46.691  INFO 3992 --- [    Test worker] .b.t.c.SpringBootTestContextBootstrapper : Found @SpringBootConfiguration com.employeelaptopdeliverytracking.employeelaptopdeliverytracking.EmployeelaptopdeliverytrackingApplication for test class com.employeelaptopdeliverytracking.employeelaptopdeliverytracking.AddressTests
2022-10-28 00:14:46.693  INFO 3992 --- [    Test worker] .b.t.c.SpringBootTestContextBootstrapper : Loaded default TestExecutionListener class names from location [META-INF/spring.factories]: [org.springframework.boot.test.autoconfigure.restdocs.RestDocsTestExecutionListener, org.springframework.boot.test.autoconfigure.web.client.MockRestServiceServerResetTestExecutionListener, org.springframework.boot.test.autoconfigure.web.servlet.MockMvcPrintOnlyOnFailureTestExecutionListener, org.springframework.boot.test.autoconfigure.web.servlet.WebDriverTestExecutionListener, org.springframework.boot.test.autoconfigure.webservices.client.MockWebServiceServerTestExecutionListener, org.springframework.boot.test.mock.mockito.MockitoTestExecutionListener, org.springframework.boot.test.mock.mockito.ResetMocksTestExecutionListener, org.springframework.test.context.web.ServletTestExecutionListener, org.springframework.test.context.support.DirtiesContextBeforeModesTestExecutionListener, org.springframework.test.context.event.ApplicationEventsTestExecutionListener, org.springframework.test.context.support.DependencyInjectionTestExecutionListener, org.springframework.test.context.support.DirtiesContextTestExecutionListener, org.springframework.test.context.transaction.TransactionalTestExecutionListener, org.springframework.test.context.jdbc.SqlScriptsTestExecutionListener, org.springframework.test.context.event.EventPublishingTestExecutionListener]
2022-10-28 00:14:46.694  INFO 3992 --- [    Test worker] .b.t.c.SpringBootTestContextBootstrapper : Using TestExecutionListeners: [org.springframework.test.context.web.ServletTestExecutionListener@8a9aedc, org.springframework.test.context.support.DirtiesContextBeforeModesTestExecutionListener@199a6a61, org.springframework.test.context.event.ApplicationEventsTestExecutionListener@78333f64, org.springframework.boot.test.mock.mockito.MockitoTestExecutionListener@73fe5b0, org.springframework.boot.test.autoconfigure.SpringBootDependencyInjectionTestExecutionListener@42a564c5, org.springframework.test.context.support.DirtiesContextTestExecutionListener@826d792, org.springframework.test.context.transaction.TransactionalTestExecutionListener@698f11ed, org.springframework.test.context.jdbc.SqlScriptsTestExecutionListener@11e57b09, org.springframework.test.context.event.EventPublishingTestExecutionListener@788fa6bc, org.springframework.boot.test.autoconfigure.restdocs.RestDocsTestExecutionListener@46ab7478, org.springframework.boot.test.autoconfigure.web.client.MockRestServiceServerResetTestExecutionListener@573a1539, org.springframework.boot.test.autoconfigure.web.servlet.MockMvcPrintOnlyOnFailureTestExecutionListener@6dbd11e4, org.springframework.boot.test.autoconfigure.web.servlet.WebDriverTestExecutionListener@6802f0a9, org.springframework.boot.test.autoconfigure.webservices.client.MockWebServiceServerTestExecutionListener@75975165, org.springframework.boot.test.mock.mockito.ResetMocksTestExecutionListener@72831133]
]]></system-out>
  <system-err><![CDATA[]]></system-err>
</testsuite>
