<?xml version="1.0" encoding="UTF-8"?>
<testsuite name="com.employeelaptopdeliverytracking.employeelaptopdeliverytracking.ComplaintsTests" tests="5" skipped="0" failures="0" errors="0" timestamp="2022-10-27T08:24:31" hostname="SKDB-73CQGPS" time="0.103">
  <properties/>
  <testcase name="testGetComplaintFromDao()" classname="com.employeelaptopdeliverytracking.employeelaptopdeliverytracking.ComplaintsTests" time="0.011"/>
  <testcase name="testAddComplaintsDao()" classname="com.employeelaptopdeliverytracking.employeelaptopdeliverytracking.ComplaintsTests" time="0.017"/>
  <testcase name="testGetAllEmployeeComplaints()" classname="com.employeelaptopdeliverytracking.employeelaptopdeliverytracking.ComplaintsTests" time="0.019"/>
  <testcase name="testGetComplaints()" classname="com.employeelaptopdeliverytracking.employeelaptopdeliverytracking.ComplaintsTests" time="0.02"/>
  <testcase name="testAddComplaints()" classname="com.employeelaptopdeliverytracking.employeelaptopdeliverytracking.ComplaintsTests" time="0.033"/>
  <system-out><![CDATA[2022-10-27 13:54:31.381  INFO 19984 --- [    Test worker] .b.t.c.SpringBootTestContextBootstrapper : Neither @ContextConfiguration nor @ContextHierarchy found for test class [com.employeelaptopdeliverytracking.employeelaptopdeliverytracking.ComplaintsTests], using SpringBootContextLoader
2022-10-27 13:54:31.382  INFO 19984 --- [    Test worker] o.s.t.c.support.AbstractContextLoader    : Could not detect default resource locations for test class [com.employeelaptopdeliverytracking.employeelaptopdeliverytracking.ComplaintsTests]: no resource found for suffixes {-context.xml, Context.groovy}.
2022-10-27 13:54:31.382  INFO 19984 --- [    Test worker] t.c.s.AnnotationConfigContextLoaderUtils : Could not detect default configuration classes for test class [com.employeelaptopdeliverytracking.employeelaptopdeliverytracking.ComplaintsTests]: ComplaintsTests does not declare any static, non-private, non-final, nested classes annotated with @Configuration.
2022-10-27 13:54:31.383  INFO 19984 --- [    Test worker] .b.t.c.SpringBootTestContextBootstrapper : Found @SpringBootConfiguration com.employeelaptopdeliverytracking.employeelaptopdeliverytracking.EmployeelaptopdeliverytrackingApplication for test class com.employeelaptopdeliverytracking.employeelaptopdeliverytracking.ComplaintsTests
2022-10-27 13:54:31.384  INFO 19984 --- [    Test worker] .b.t.c.SpringBootTestContextBootstrapper : Loaded default TestExecutionListener class names from location [META-INF/spring.factories]: [org.springframework.boot.test.autoconfigure.restdocs.RestDocsTestExecutionListener, org.springframework.boot.test.autoconfigure.web.client.MockRestServiceServerResetTestExecutionListener, org.springframework.boot.test.autoconfigure.web.servlet.MockMvcPrintOnlyOnFailureTestExecutionListener, org.springframework.boot.test.autoconfigure.web.servlet.WebDriverTestExecutionListener, org.springframework.boot.test.autoconfigure.webservices.client.MockWebServiceServerTestExecutionListener, org.springframework.boot.test.mock.mockito.MockitoTestExecutionListener, org.springframework.boot.test.mock.mockito.ResetMocksTestExecutionListener, org.springframework.test.context.web.ServletTestExecutionListener, org.springframework.test.context.support.DirtiesContextBeforeModesTestExecutionListener, org.springframework.test.context.event.ApplicationEventsTestExecutionListener, org.springframework.test.context.support.DependencyInjectionTestExecutionListener, org.springframework.test.context.support.DirtiesContextTestExecutionListener, org.springframework.test.context.transaction.TransactionalTestExecutionListener, org.springframework.test.context.jdbc.SqlScriptsTestExecutionListener, org.springframework.test.context.event.EventPublishingTestExecutionListener]
2022-10-27 13:54:31.384  INFO 19984 --- [    Test worker] .b.t.c.SpringBootTestContextBootstrapper : Using TestExecutionListeners: [org.springframework.test.context.web.ServletTestExecutionListener@275b13cd, org.springframework.test.context.support.DirtiesContextBeforeModesTestExecutionListener@4d55b3b2, org.springframework.test.context.event.ApplicationEventsTestExecutionListener@751c288b, org.springframework.boot.test.mock.mockito.MockitoTestExecutionListener@438a6b77, org.springframework.boot.test.autoconfigure.SpringBootDependencyInjectionTestExecutionListener@3c30cdb0, org.springframework.test.context.support.DirtiesContextTestExecutionListener@5c9831a7, org.springframework.test.context.transaction.TransactionalTestExecutionListener@485402cf, org.springframework.test.context.jdbc.SqlScriptsTestExecutionListener@58150961, org.springframework.test.context.event.EventPublishingTestExecutionListener@6272029e, org.springframework.boot.test.autoconfigure.restdocs.RestDocsTestExecutionListener@7f7a027e, org.springframework.boot.test.autoconfigure.web.client.MockRestServiceServerResetTestExecutionListener@17d02524, org.springframework.boot.test.autoconfigure.web.servlet.MockMvcPrintOnlyOnFailureTestExecutionListener@67fe78be, org.springframework.boot.test.autoconfigure.web.servlet.WebDriverTestExecutionListener@15eae02d, org.springframework.boot.test.autoconfigure.webservices.client.MockWebServiceServerTestExecutionListener@3aac791c, org.springframework.boot.test.mock.mockito.ResetMocksTestExecutionListener@2cc38268]
]]></system-out>
  <system-err><![CDATA[]]></system-err>
</testsuite>
