<?xml version="1.0" encoding="UTF-8"?>
<testsuite name="com.employeelaptopdeliverytracking.employeelaptopdeliverytracking.ComplaintsTests" tests="5" skipped="0" failures="0" errors="0" timestamp="2022-10-27T06:15:21" hostname="SKDB-73CQGPS" time="0.177">
  <properties/>
  <testcase name="testGetComplaintFromDao()" classname="com.employeelaptopdeliverytracking.employeelaptopdeliverytracking.ComplaintsTests" time="0.022"/>
  <testcase name="testAddComplaintsDao()" classname="com.employeelaptopdeliverytracking.employeelaptopdeliverytracking.ComplaintsTests" time="0.033"/>
  <testcase name="testGetAllEmployeeComplaints()" classname="com.employeelaptopdeliverytracking.employeelaptopdeliverytracking.ComplaintsTests" time="0.031"/>
  <testcase name="testGetComplaints()" classname="com.employeelaptopdeliverytracking.employeelaptopdeliverytracking.ComplaintsTests" time="0.04"/>
  <testcase name="testAddComplaints()" classname="com.employeelaptopdeliverytracking.employeelaptopdeliverytracking.ComplaintsTests" time="0.045"/>
  <system-out><![CDATA[2022-10-27 11:45:21.450  INFO 19988 --- [    Test worker] .b.t.c.SpringBootTestContextBootstrapper : Neither @ContextConfiguration nor @ContextHierarchy found for test class [com.employeelaptopdeliverytracking.employeelaptopdeliverytracking.ComplaintsTests], using SpringBootContextLoader
2022-10-27 11:45:21.452  INFO 19988 --- [    Test worker] o.s.t.c.support.AbstractContextLoader    : Could not detect default resource locations for test class [com.employeelaptopdeliverytracking.employeelaptopdeliverytracking.ComplaintsTests]: no resource found for suffixes {-context.xml, Context.groovy}.
2022-10-27 11:45:21.452  INFO 19988 --- [    Test worker] t.c.s.AnnotationConfigContextLoaderUtils : Could not detect default configuration classes for test class [com.employeelaptopdeliverytracking.employeelaptopdeliverytracking.ComplaintsTests]: ComplaintsTests does not declare any static, non-private, non-final, nested classes annotated with @Configuration.
2022-10-27 11:45:21.454  INFO 19988 --- [    Test worker] .b.t.c.SpringBootTestContextBootstrapper : Found @SpringBootConfiguration com.employeelaptopdeliverytracking.employeelaptopdeliverytracking.EmployeelaptopdeliverytrackingApplication for test class com.employeelaptopdeliverytracking.employeelaptopdeliverytracking.ComplaintsTests
2022-10-27 11:45:21.458  INFO 19988 --- [    Test worker] .b.t.c.SpringBootTestContextBootstrapper : Loaded default TestExecutionListener class names from location [META-INF/spring.factories]: [org.springframework.boot.test.autoconfigure.restdocs.RestDocsTestExecutionListener, org.springframework.boot.test.autoconfigure.web.client.MockRestServiceServerResetTestExecutionListener, org.springframework.boot.test.autoconfigure.web.servlet.MockMvcPrintOnlyOnFailureTestExecutionListener, org.springframework.boot.test.autoconfigure.web.servlet.WebDriverTestExecutionListener, org.springframework.boot.test.autoconfigure.webservices.client.MockWebServiceServerTestExecutionListener, org.springframework.boot.test.mock.mockito.MockitoTestExecutionListener, org.springframework.boot.test.mock.mockito.ResetMocksTestExecutionListener, org.springframework.test.context.web.ServletTestExecutionListener, org.springframework.test.context.support.DirtiesContextBeforeModesTestExecutionListener, org.springframework.test.context.event.ApplicationEventsTestExecutionListener, org.springframework.test.context.support.DependencyInjectionTestExecutionListener, org.springframework.test.context.support.DirtiesContextTestExecutionListener, org.springframework.test.context.transaction.TransactionalTestExecutionListener, org.springframework.test.context.jdbc.SqlScriptsTestExecutionListener, org.springframework.test.context.event.EventPublishingTestExecutionListener]
2022-10-27 11:45:21.460  INFO 19988 --- [    Test worker] .b.t.c.SpringBootTestContextBootstrapper : Using TestExecutionListeners: [org.springframework.test.context.web.ServletTestExecutionListener@5b01540b, org.springframework.test.context.support.DirtiesContextBeforeModesTestExecutionListener@45105873, org.springframework.test.context.event.ApplicationEventsTestExecutionListener@477324cf, org.springframework.boot.test.mock.mockito.MockitoTestExecutionListener@582f9bee, org.springframework.boot.test.autoconfigure.SpringBootDependencyInjectionTestExecutionListener@95f2dec, org.springframework.test.context.support.DirtiesContextTestExecutionListener@4ecb3f74, org.springframework.test.context.transaction.TransactionalTestExecutionListener@10c03f3e, org.springframework.test.context.jdbc.SqlScriptsTestExecutionListener@34942623, org.springframework.test.context.event.EventPublishingTestExecutionListener@44544d10, org.springframework.boot.test.autoconfigure.restdocs.RestDocsTestExecutionListener@5373ea71, org.springframework.boot.test.autoconfigure.web.client.MockRestServiceServerResetTestExecutionListener@425b16ee, org.springframework.boot.test.autoconfigure.web.servlet.MockMvcPrintOnlyOnFailureTestExecutionListener@57eb85b8, org.springframework.boot.test.autoconfigure.web.servlet.WebDriverTestExecutionListener@31317e98, org.springframework.boot.test.autoconfigure.webservices.client.MockWebServiceServerTestExecutionListener@7ddd2aad, org.springframework.boot.test.mock.mockito.ResetMocksTestExecutionListener@67abaf9e]
]]></system-out>
  <system-err><![CDATA[]]></system-err>
</testsuite>
