<?xml version="1.0" encoding="UTF-8"?>
<testsuite name="com.employeelaptopdeliverytracking.employeelaptopdeliverytracking.TrackingTests" tests="4" skipped="0" failures="0" errors="0" timestamp="2022-10-27T08:24:31" hostname="SKDB-73CQGPS" time="0.056">
  <properties/>
  <testcase name="testGetTrackingDetails()" classname="com.employeelaptopdeliverytracking.employeelaptopdeliverytracking.TrackingTests" time="0.015"/>
  <testcase name="testAddTrackingDao()" classname="com.employeelaptopdeliverytracking.employeelaptopdeliverytracking.TrackingTests" time="0.01"/>
  <testcase name="testGetTrackingFromDao()" classname="com.employeelaptopdeliverytracking.employeelaptopdeliverytracking.TrackingTests" time="0.008"/>
  <testcase name="testAddTrackingObject()" classname="com.employeelaptopdeliverytracking.employeelaptopdeliverytracking.TrackingTests" time="0.021"/>
  <system-out><![CDATA[2022-10-27 13:54:31.704  INFO 19984 --- [    Test worker] .b.t.c.SpringBootTestContextBootstrapper : Neither @ContextConfiguration nor @ContextHierarchy found for test class [com.employeelaptopdeliverytracking.employeelaptopdeliverytracking.TrackingTests], using SpringBootContextLoader
2022-10-27 13:54:31.704  INFO 19984 --- [    Test worker] o.s.t.c.support.AbstractContextLoader    : Could not detect default resource locations for test class [com.employeelaptopdeliverytracking.employeelaptopdeliverytracking.TrackingTests]: no resource found for suffixes {-context.xml, Context.groovy}.
2022-10-27 13:54:31.705  INFO 19984 --- [    Test worker] t.c.s.AnnotationConfigContextLoaderUtils : Could not detect default configuration classes for test class [com.employeelaptopdeliverytracking.employeelaptopdeliverytracking.TrackingTests]: TrackingTests does not declare any static, non-private, non-final, nested classes annotated with @Configuration.
2022-10-27 13:54:31.705  INFO 19984 --- [    Test worker] .b.t.c.SpringBootTestContextBootstrapper : Found @SpringBootConfiguration com.employeelaptopdeliverytracking.employeelaptopdeliverytracking.EmployeelaptopdeliverytrackingApplication for test class com.employeelaptopdeliverytracking.employeelaptopdeliverytracking.TrackingTests
2022-10-27 13:54:31.707  INFO 19984 --- [    Test worker] .b.t.c.SpringBootTestContextBootstrapper : Loaded default TestExecutionListener class names from location [META-INF/spring.factories]: [org.springframework.boot.test.autoconfigure.restdocs.RestDocsTestExecutionListener, org.springframework.boot.test.autoconfigure.web.client.MockRestServiceServerResetTestExecutionListener, org.springframework.boot.test.autoconfigure.web.servlet.MockMvcPrintOnlyOnFailureTestExecutionListener, org.springframework.boot.test.autoconfigure.web.servlet.WebDriverTestExecutionListener, org.springframework.boot.test.autoconfigure.webservices.client.MockWebServiceServerTestExecutionListener, org.springframework.boot.test.mock.mockito.MockitoTestExecutionListener, org.springframework.boot.test.mock.mockito.ResetMocksTestExecutionListener, org.springframework.test.context.web.ServletTestExecutionListener, org.springframework.test.context.support.DirtiesContextBeforeModesTestExecutionListener, org.springframework.test.context.event.ApplicationEventsTestExecutionListener, org.springframework.test.context.support.DependencyInjectionTestExecutionListener, org.springframework.test.context.support.DirtiesContextTestExecutionListener, org.springframework.test.context.transaction.TransactionalTestExecutionListener, org.springframework.test.context.jdbc.SqlScriptsTestExecutionListener, org.springframework.test.context.event.EventPublishingTestExecutionListener]
2022-10-27 13:54:31.707  INFO 19984 --- [    Test worker] .b.t.c.SpringBootTestContextBootstrapper : Using TestExecutionListeners: [org.springframework.test.context.web.ServletTestExecutionListener@2f56aa81, org.springframework.test.context.support.DirtiesContextBeforeModesTestExecutionListener@4a12fdd7, org.springframework.test.context.event.ApplicationEventsTestExecutionListener@196784dc, org.springframework.boot.test.mock.mockito.MockitoTestExecutionListener@67b082d6, org.springframework.boot.test.autoconfigure.SpringBootDependencyInjectionTestExecutionListener@7da83e03, org.springframework.test.context.support.DirtiesContextTestExecutionListener@20099824, org.springframework.test.context.transaction.TransactionalTestExecutionListener@5eda99d, org.springframework.test.context.jdbc.SqlScriptsTestExecutionListener@66283dc4, org.springframework.test.context.event.EventPublishingTestExecutionListener@5acc4f24, org.springframework.boot.test.autoconfigure.restdocs.RestDocsTestExecutionListener@36e824e1, org.springframework.boot.test.autoconfigure.web.client.MockRestServiceServerResetTestExecutionListener@5e21c2e0, org.springframework.boot.test.autoconfigure.web.servlet.MockMvcPrintOnlyOnFailureTestExecutionListener@79c012fd, org.springframework.boot.test.autoconfigure.web.servlet.WebDriverTestExecutionListener@41cdc78e, org.springframework.boot.test.autoconfigure.webservices.client.MockWebServiceServerTestExecutionListener@36753c7a, org.springframework.boot.test.mock.mockito.ResetMocksTestExecutionListener@6613de96]
]]></system-out>
  <system-err><![CDATA[]]></system-err>
</testsuite>
