<?xml version="1.0" encoding="UTF-8"?>
<testsuite name="com.employeelaptopdeliverytracking.employeelaptopdeliverytracking.AuthControllerAndRepairControllerTests" tests="14" skipped="0" failures="0" errors="0" timestamp="2022-10-27T17:35:29" hostname="SKDB-73CQGPS" time="0.402">
  <properties/>
  <testcase name="testLoginEmployee()" classname="com.employeelaptopdeliverytracking.employeelaptopdeliverytracking.AuthControllerAndRepairControllerTests" time="0.073"/>
  <testcase name="testlogout()" classname="com.employeelaptopdeliverytracking.employeelaptopdeliverytracking.AuthControllerAndRepairControllerTests" time="0.008"/>
  <testcase name="testUserProfile()" classname="com.employeelaptopdeliverytracking.employeelaptopdeliverytracking.AuthControllerAndRepairControllerTests" time="0.016"/>
  <testcase name="testViewTokenStatus()" classname="com.employeelaptopdeliverytracking.employeelaptopdeliverytracking.AuthControllerAndRepairControllerTests" time="0.077"/>
  <testcase name="testGetRepairFromDao()" classname="com.employeelaptopdeliverytracking.employeelaptopdeliverytracking.AuthControllerAndRepairControllerTests" time="0.017"/>
  <testcase name="testGetRepairTokenDao()" classname="com.employeelaptopdeliverytracking.employeelaptopdeliverytracking.AuthControllerAndRepairControllerTests" time="0.01"/>
  <testcase name="testAddEmployee()" classname="com.employeelaptopdeliverytracking.employeelaptopdeliverytracking.AuthControllerAndRepairControllerTests" time="0.02"/>
  <testcase name="testGetRepairToken()" classname="com.employeelaptopdeliverytracking.employeelaptopdeliverytracking.AuthControllerAndRepairControllerTests" time="0.035"/>
  <testcase name="testAddEmployeeDao()" classname="com.employeelaptopdeliverytracking.employeelaptopdeliverytracking.AuthControllerAndRepairControllerTests" time="0.01"/>
  <testcase name="testAddDeviceDao()" classname="com.employeelaptopdeliverytracking.employeelaptopdeliverytracking.AuthControllerAndRepairControllerTests" time="0.02"/>
  <testcase name="testUpdateRepairStatus()" classname="com.employeelaptopdeliverytracking.employeelaptopdeliverytracking.AuthControllerAndRepairControllerTests" time="0.041"/>
  <testcase name="testRetriveEmployeeDeviceDetails()" classname="com.employeelaptopdeliverytracking.employeelaptopdeliverytracking.AuthControllerAndRepairControllerTests" time="0.031"/>
  <testcase name="testAddRepairTokenDao()" classname="com.employeelaptopdeliverytracking.employeelaptopdeliverytracking.AuthControllerAndRepairControllerTests" time="0.018"/>
  <testcase name="testGetEmployeeFromDao()" classname="com.employeelaptopdeliverytracking.employeelaptopdeliverytracking.AuthControllerAndRepairControllerTests" time="0.011"/>
  <system-out><![CDATA[2022-10-27 23:05:29.533  INFO 21944 --- [    Test worker] .b.t.c.SpringBootTestContextBootstrapper : Neither @ContextConfiguration nor @ContextHierarchy found for test class [com.employeelaptopdeliverytracking.employeelaptopdeliverytracking.AuthControllerAndRepairControllerTests], using SpringBootContextLoader
2022-10-27 23:05:29.534  INFO 21944 --- [    Test worker] o.s.t.c.support.AbstractContextLoader    : Could not detect default resource locations for test class [com.employeelaptopdeliverytracking.employeelaptopdeliverytracking.AuthControllerAndRepairControllerTests]: no resource found for suffixes {-context.xml, Context.groovy}.
2022-10-27 23:05:29.534  INFO 21944 --- [    Test worker] t.c.s.AnnotationConfigContextLoaderUtils : Could not detect default configuration classes for test class [com.employeelaptopdeliverytracking.employeelaptopdeliverytracking.AuthControllerAndRepairControllerTests]: AuthControllerAndRepairControllerTests does not declare any static, non-private, non-final, nested classes annotated with @Configuration.
2022-10-27 23:05:29.535  INFO 21944 --- [    Test worker] .b.t.c.SpringBootTestContextBootstrapper : Found @SpringBootConfiguration com.employeelaptopdeliverytracking.employeelaptopdeliverytracking.EmployeelaptopdeliverytrackingApplication for test class com.employeelaptopdeliverytracking.employeelaptopdeliverytracking.AuthControllerAndRepairControllerTests
2022-10-27 23:05:29.536  INFO 21944 --- [    Test worker] .b.t.c.SpringBootTestContextBootstrapper : Loaded default TestExecutionListener class names from location [META-INF/spring.factories]: [org.springframework.boot.test.autoconfigure.restdocs.RestDocsTestExecutionListener, org.springframework.boot.test.autoconfigure.web.client.MockRestServiceServerResetTestExecutionListener, org.springframework.boot.test.autoconfigure.web.servlet.MockMvcPrintOnlyOnFailureTestExecutionListener, org.springframework.boot.test.autoconfigure.web.servlet.WebDriverTestExecutionListener, org.springframework.boot.test.autoconfigure.webservices.client.MockWebServiceServerTestExecutionListener, org.springframework.boot.test.mock.mockito.MockitoTestExecutionListener, org.springframework.boot.test.mock.mockito.ResetMocksTestExecutionListener, org.springframework.test.context.web.ServletTestExecutionListener, org.springframework.test.context.support.DirtiesContextBeforeModesTestExecutionListener, org.springframework.test.context.event.ApplicationEventsTestExecutionListener, org.springframework.test.context.support.DependencyInjectionTestExecutionListener, org.springframework.test.context.support.DirtiesContextTestExecutionListener, org.springframework.test.context.transaction.TransactionalTestExecutionListener, org.springframework.test.context.jdbc.SqlScriptsTestExecutionListener, org.springframework.test.context.event.EventPublishingTestExecutionListener]
2022-10-27 23:05:29.536  INFO 21944 --- [    Test worker] .b.t.c.SpringBootTestContextBootstrapper : Using TestExecutionListeners: [org.springframework.test.context.web.ServletTestExecutionListener@192cbeff, org.springframework.test.context.support.DirtiesContextBeforeModesTestExecutionListener@dcc715b, org.springframework.test.context.event.ApplicationEventsTestExecutionListener@6116f30, org.springframework.boot.test.mock.mockito.MockitoTestExecutionListener@774e5eb1, org.springframework.boot.test.autoconfigure.SpringBootDependencyInjectionTestExecutionListener@be9dde1, org.springframework.test.context.support.DirtiesContextTestExecutionListener@6541236e, org.springframework.test.context.transaction.TransactionalTestExecutionListener@6824a819, org.springframework.test.context.jdbc.SqlScriptsTestExecutionListener@6d1ac87a, org.springframework.test.context.event.EventPublishingTestExecutionListener@28d906ed, org.springframework.boot.test.autoconfigure.restdocs.RestDocsTestExecutionListener@44ef0acb, org.springframework.boot.test.autoconfigure.web.client.MockRestServiceServerResetTestExecutionListener@9c6062f, org.springframework.boot.test.autoconfigure.web.servlet.MockMvcPrintOnlyOnFailureTestExecutionListener@32a44675, org.springframework.boot.test.autoconfigure.web.servlet.WebDriverTestExecutionListener@52aac0a2, org.springframework.boot.test.autoconfigure.webservices.client.MockWebServiceServerTestExecutionListener@6e2f316e, org.springframework.boot.test.mock.mockito.ResetMocksTestExecutionListener@57e1a5fa]
]]></system-out>
  <system-err><![CDATA[]]></system-err>
</testsuite>
