<?xml version="1.0" encoding="UTF-8"?>
<testsuite name="com.employeelaptopdeliverytracking.employeelaptopdeliverytracking.AuthControllerAndRepairControllerTests" tests="13" skipped="0" failures="0" errors="0" timestamp="2022-10-27T08:24:30" hostname="SKDB-73CQGPS" time="0.61">
  <properties/>
  <testcase name="testLoginEmployee()" classname="com.employeelaptopdeliverytracking.employeelaptopdeliverytracking.AuthControllerAndRepairControllerTests" time="0.244"/>
  <testcase name="testlogout()" classname="com.employeelaptopdeliverytracking.employeelaptopdeliverytracking.AuthControllerAndRepairControllerTests" time="0.011"/>
  <testcase name="testUserProfile()" classname="com.employeelaptopdeliverytracking.employeelaptopdeliverytracking.AuthControllerAndRepairControllerTests" time="0.026"/>
  <testcase name="testViewTokenStatus()" classname="com.employeelaptopdeliverytracking.employeelaptopdeliverytracking.AuthControllerAndRepairControllerTests" time="0.156"/>
  <testcase name="testGetRepairFromDao()" classname="com.employeelaptopdeliverytracking.employeelaptopdeliverytracking.AuthControllerAndRepairControllerTests" time="0.027"/>
  <testcase name="testGetRepairTokenDao()" classname="com.employeelaptopdeliverytracking.employeelaptopdeliverytracking.AuthControllerAndRepairControllerTests" time="0.009"/>
  <testcase name="testAddEmployee()" classname="com.employeelaptopdeliverytracking.employeelaptopdeliverytracking.AuthControllerAndRepairControllerTests" time="0.021"/>
  <testcase name="testGetRepairToken()" classname="com.employeelaptopdeliverytracking.employeelaptopdeliverytracking.AuthControllerAndRepairControllerTests" time="0.032"/>
  <testcase name="testAddEmployeeDao()" classname="com.employeelaptopdeliverytracking.employeelaptopdeliverytracking.AuthControllerAndRepairControllerTests" time="0.009"/>
  <testcase name="testAddDeviceDao()" classname="com.employeelaptopdeliverytracking.employeelaptopdeliverytracking.AuthControllerAndRepairControllerTests" time="0.013"/>
  <testcase name="testRetriveEmployeeDeviceDetails()" classname="com.employeelaptopdeliverytracking.employeelaptopdeliverytracking.AuthControllerAndRepairControllerTests" time="0.032"/>
  <testcase name="testAddRepairTokenDao()" classname="com.employeelaptopdeliverytracking.employeelaptopdeliverytracking.AuthControllerAndRepairControllerTests" time="0.012"/>
  <testcase name="testGetEmployeeFromDao()" classname="com.employeelaptopdeliverytracking.employeelaptopdeliverytracking.AuthControllerAndRepairControllerTests" time="0.008"/>
  <system-out><![CDATA[2022-10-27 13:54:30.762  INFO 19984 --- [    Test worker] .b.t.c.SpringBootTestContextBootstrapper : Neither @ContextConfiguration nor @ContextHierarchy found for test class [com.employeelaptopdeliverytracking.employeelaptopdeliverytracking.AuthControllerAndRepairControllerTests], using SpringBootContextLoader
2022-10-27 13:54:30.763  INFO 19984 --- [    Test worker] o.s.t.c.support.AbstractContextLoader    : Could not detect default resource locations for test class [com.employeelaptopdeliverytracking.employeelaptopdeliverytracking.AuthControllerAndRepairControllerTests]: no resource found for suffixes {-context.xml, Context.groovy}.
2022-10-27 13:54:30.763  INFO 19984 --- [    Test worker] t.c.s.AnnotationConfigContextLoaderUtils : Could not detect default configuration classes for test class [com.employeelaptopdeliverytracking.employeelaptopdeliverytracking.AuthControllerAndRepairControllerTests]: AuthControllerAndRepairControllerTests does not declare any static, non-private, non-final, nested classes annotated with @Configuration.
2022-10-27 13:54:30.764  INFO 19984 --- [    Test worker] .b.t.c.SpringBootTestContextBootstrapper : Found @SpringBootConfiguration com.employeelaptopdeliverytracking.employeelaptopdeliverytracking.EmployeelaptopdeliverytrackingApplication for test class com.employeelaptopdeliverytracking.employeelaptopdeliverytracking.AuthControllerAndRepairControllerTests
2022-10-27 13:54:30.766  INFO 19984 --- [    Test worker] .b.t.c.SpringBootTestContextBootstrapper : Loaded default TestExecutionListener class names from location [META-INF/spring.factories]: [org.springframework.boot.test.autoconfigure.restdocs.RestDocsTestExecutionListener, org.springframework.boot.test.autoconfigure.web.client.MockRestServiceServerResetTestExecutionListener, org.springframework.boot.test.autoconfigure.web.servlet.MockMvcPrintOnlyOnFailureTestExecutionListener, org.springframework.boot.test.autoconfigure.web.servlet.WebDriverTestExecutionListener, org.springframework.boot.test.autoconfigure.webservices.client.MockWebServiceServerTestExecutionListener, org.springframework.boot.test.mock.mockito.MockitoTestExecutionListener, org.springframework.boot.test.mock.mockito.ResetMocksTestExecutionListener, org.springframework.test.context.web.ServletTestExecutionListener, org.springframework.test.context.support.DirtiesContextBeforeModesTestExecutionListener, org.springframework.test.context.event.ApplicationEventsTestExecutionListener, org.springframework.test.context.support.DependencyInjectionTestExecutionListener, org.springframework.test.context.support.DirtiesContextTestExecutionListener, org.springframework.test.context.transaction.TransactionalTestExecutionListener, org.springframework.test.context.jdbc.SqlScriptsTestExecutionListener, org.springframework.test.context.event.EventPublishingTestExecutionListener]
2022-10-27 13:54:30.766  INFO 19984 --- [    Test worker] .b.t.c.SpringBootTestContextBootstrapper : Using TestExecutionListeners: [org.springframework.test.context.web.ServletTestExecutionListener@57b37275, org.springframework.test.context.support.DirtiesContextBeforeModesTestExecutionListener@65cda1cc, org.springframework.test.context.event.ApplicationEventsTestExecutionListener@47ca00e5, org.springframework.boot.test.mock.mockito.MockitoTestExecutionListener@7e5f17fe, org.springframework.boot.test.autoconfigure.SpringBootDependencyInjectionTestExecutionListener@32b3e29a, org.springframework.test.context.support.DirtiesContextTestExecutionListener@3af8f6c1, org.springframework.test.context.transaction.TransactionalTestExecutionListener@2d221453, org.springframework.test.context.jdbc.SqlScriptsTestExecutionListener@2b4416ee, org.springframework.test.context.event.EventPublishingTestExecutionListener@6ce962e, org.springframework.boot.test.autoconfigure.restdocs.RestDocsTestExecutionListener@7b7d36c8, org.springframework.boot.test.autoconfigure.web.client.MockRestServiceServerResetTestExecutionListener@46c03578, org.springframework.boot.test.autoconfigure.web.servlet.MockMvcPrintOnlyOnFailureTestExecutionListener@4db8a828, org.springframework.boot.test.autoconfigure.web.servlet.WebDriverTestExecutionListener@3f352857, org.springframework.boot.test.autoconfigure.webservices.client.MockWebServiceServerTestExecutionListener@2d6c920f, org.springframework.boot.test.mock.mockito.ResetMocksTestExecutionListener@6a40192f]
]]></system-out>
  <system-err><![CDATA[]]></system-err>
</testsuite>
