<?xml version="1.0" encoding="UTF-8"?>
<testsuite name="com.employeelaptopdeliverytracking.employeelaptopdeliverytracking.EmployeelaptopdeliverytrackingApplicationTests" tests="1" skipped="0" failures="0" errors="0" timestamp="2022-10-27T08:24:31" hostname="SKDB-73CQGPS" time="0.003">
  <properties/>
  <testcase name="contextLoads()" classname="com.employeelaptopdeliverytracking.employeelaptopdeliverytracking.EmployeelaptopdeliverytrackingApplicationTests" time="0.003"/>
  <system-out><![CDATA[2022-10-27 13:54:31.490  INFO 19984 --- [    Test worker] .b.t.c.SpringBootTestContextBootstrapper : Neither @ContextConfiguration nor @ContextHierarchy found for test class [com.employeelaptopdeliverytracking.employeelaptopdeliverytracking.EmployeelaptopdeliverytrackingApplicationTests], using SpringBootContextLoader
2022-10-27 13:54:31.490  INFO 19984 --- [    Test worker] o.s.t.c.support.AbstractContextLoader    : Could not detect default resource locations for test class [com.employeelaptopdeliverytracking.employeelaptopdeliverytracking.EmployeelaptopdeliverytrackingApplicationTests]: no resource found for suffixes {-context.xml, Context.groovy}.
2022-10-27 13:54:31.490  INFO 19984 --- [    Test worker] t.c.s.AnnotationConfigContextLoaderUtils : Could not detect default configuration classes for test class [com.employeelaptopdeliverytracking.employeelaptopdeliverytracking.EmployeelaptopdeliverytrackingApplicationTests]: EmployeelaptopdeliverytrackingApplicationTests does not declare any static, non-private, non-final, nested classes annotated with @Configuration.
2022-10-27 13:54:31.491  INFO 19984 --- [    Test worker] .b.t.c.SpringBootTestContextBootstrapper : Found @SpringBootConfiguration com.employeelaptopdeliverytracking.employeelaptopdeliverytracking.EmployeelaptopdeliverytrackingApplication for test class com.employeelaptopdeliverytracking.employeelaptopdeliverytracking.EmployeelaptopdeliverytrackingApplicationTests
2022-10-27 13:54:31.493  INFO 19984 --- [    Test worker] .b.t.c.SpringBootTestContextBootstrapper : Loaded default TestExecutionListener class names from location [META-INF/spring.factories]: [org.springframework.boot.test.autoconfigure.restdocs.RestDocsTestExecutionListener, org.springframework.boot.test.autoconfigure.web.client.MockRestServiceServerResetTestExecutionListener, org.springframework.boot.test.autoconfigure.web.servlet.MockMvcPrintOnlyOnFailureTestExecutionListener, org.springframework.boot.test.autoconfigure.web.servlet.WebDriverTestExecutionListener, org.springframework.boot.test.autoconfigure.webservices.client.MockWebServiceServerTestExecutionListener, org.springframework.boot.test.mock.mockito.MockitoTestExecutionListener, org.springframework.boot.test.mock.mockito.ResetMocksTestExecutionListener, org.springframework.test.context.web.ServletTestExecutionListener, org.springframework.test.context.support.DirtiesContextBeforeModesTestExecutionListener, org.springframework.test.context.event.ApplicationEventsTestExecutionListener, org.springframework.test.context.support.DependencyInjectionTestExecutionListener, org.springframework.test.context.support.DirtiesContextTestExecutionListener, org.springframework.test.context.transaction.TransactionalTestExecutionListener, org.springframework.test.context.jdbc.SqlScriptsTestExecutionListener, org.springframework.test.context.event.EventPublishingTestExecutionListener]
2022-10-27 13:54:31.493  INFO 19984 --- [    Test worker] .b.t.c.SpringBootTestContextBootstrapper : Using TestExecutionListeners: [org.springframework.test.context.web.ServletTestExecutionListener@4899ed90, org.springframework.test.context.support.DirtiesContextBeforeModesTestExecutionListener@290b7ab3, org.springframework.test.context.event.ApplicationEventsTestExecutionListener@722441b8, org.springframework.boot.test.mock.mockito.MockitoTestExecutionListener@2605bd47, org.springframework.boot.test.autoconfigure.SpringBootDependencyInjectionTestExecutionListener@2177317a, org.springframework.test.context.support.DirtiesContextTestExecutionListener@535b0905, org.springframework.test.context.transaction.TransactionalTestExecutionListener@322bb57, org.springframework.test.context.jdbc.SqlScriptsTestExecutionListener@846c1f1, org.springframework.test.context.event.EventPublishingTestExecutionListener@1022dd62, org.springframework.boot.test.autoconfigure.restdocs.RestDocsTestExecutionListener@1b3afd42, org.springframework.boot.test.autoconfigure.web.client.MockRestServiceServerResetTestExecutionListener@d541571, org.springframework.boot.test.autoconfigure.web.servlet.MockMvcPrintOnlyOnFailureTestExecutionListener@33231463, org.springframework.boot.test.autoconfigure.web.servlet.WebDriverTestExecutionListener@356c16a8, org.springframework.boot.test.autoconfigure.webservices.client.MockWebServiceServerTestExecutionListener@79f03daa, org.springframework.boot.test.mock.mockito.ResetMocksTestExecutionListener@54a24078]
]]></system-out>
  <system-err><![CDATA[]]></system-err>
</testsuite>
