<?xml version="1.0" encoding="UTF-8"?>
<testsuite name="com.employeelaptopdeliverytracking.employeelaptopdeliverytracking.EmployeelaptopdeliverytrackingApplicationTests" tests="1" skipped="0" failures="0" errors="0" timestamp="2022-10-27T18:44:46" hostname="SKDB-73CQGPS" time="0.002">
  <properties/>
  <testcase name="contextLoads()" classname="com.employeelaptopdeliverytracking.employeelaptopdeliverytracking.EmployeelaptopdeliverytrackingApplicationTests" time="0.002"/>
  <system-out><![CDATA[2022-10-28 00:14:46.726  INFO 3992 --- [    Test worker] .b.t.c.SpringBootTestContextBootstrapper : Neither @ContextConfiguration nor @ContextHierarchy found for test class [com.employeelaptopdeliverytracking.employeelaptopdeliverytracking.EmployeelaptopdeliverytrackingApplicationTests], using SpringBootContextLoader
2022-10-28 00:14:46.727  INFO 3992 --- [    Test worker] o.s.t.c.support.AbstractContextLoader    : Could not detect default resource locations for test class [com.employeelaptopdeliverytracking.employeelaptopdeliverytracking.EmployeelaptopdeliverytrackingApplicationTests]: no resource found for suffixes {-context.xml, Context.groovy}.
2022-10-28 00:14:46.727  INFO 3992 --- [    Test worker] t.c.s.AnnotationConfigContextLoaderUtils : Could not detect default configuration classes for test class [com.employeelaptopdeliverytracking.employeelaptopdeliverytracking.EmployeelaptopdeliverytrackingApplicationTests]: EmployeelaptopdeliverytrackingApplicationTests does not declare any static, non-private, non-final, nested classes annotated with @Configuration.
2022-10-28 00:14:46.728  INFO 3992 --- [    Test worker] .b.t.c.SpringBootTestContextBootstrapper : Found @SpringBootConfiguration com.employeelaptopdeliverytracking.employeelaptopdeliverytracking.EmployeelaptopdeliverytrackingApplication for test class com.employeelaptopdeliverytracking.employeelaptopdeliverytracking.EmployeelaptopdeliverytrackingApplicationTests
2022-10-28 00:14:46.729  INFO 3992 --- [    Test worker] .b.t.c.SpringBootTestContextBootstrapper : Loaded default TestExecutionListener class names from location [META-INF/spring.factories]: [org.springframework.boot.test.autoconfigure.restdocs.RestDocsTestExecutionListener, org.springframework.boot.test.autoconfigure.web.client.MockRestServiceServerResetTestExecutionListener, org.springframework.boot.test.autoconfigure.web.servlet.MockMvcPrintOnlyOnFailureTestExecutionListener, org.springframework.boot.test.autoconfigure.web.servlet.WebDriverTestExecutionListener, org.springframework.boot.test.autoconfigure.webservices.client.MockWebServiceServerTestExecutionListener, org.springframework.boot.test.mock.mockito.MockitoTestExecutionListener, org.springframework.boot.test.mock.mockito.ResetMocksTestExecutionListener, org.springframework.test.context.web.ServletTestExecutionListener, org.springframework.test.context.support.DirtiesContextBeforeModesTestExecutionListener, org.springframework.test.context.event.ApplicationEventsTestExecutionListener, org.springframework.test.context.support.DependencyInjectionTestExecutionListener, org.springframework.test.context.support.DirtiesContextTestExecutionListener, org.springframework.test.context.transaction.TransactionalTestExecutionListener, org.springframework.test.context.jdbc.SqlScriptsTestExecutionListener, org.springframework.test.context.event.EventPublishingTestExecutionListener]
2022-10-28 00:14:46.729  INFO 3992 --- [    Test worker] .b.t.c.SpringBootTestContextBootstrapper : Using TestExecutionListeners: [org.springframework.test.context.web.ServletTestExecutionListener@4e3d1c7f, org.springframework.test.context.support.DirtiesContextBeforeModesTestExecutionListener@6e53b865, org.springframework.test.context.event.ApplicationEventsTestExecutionListener@20221e0c, org.springframework.boot.test.mock.mockito.MockitoTestExecutionListener@409a4eb2, org.springframework.boot.test.autoconfigure.SpringBootDependencyInjectionTestExecutionListener@66627c3a, org.springframework.test.context.support.DirtiesContextTestExecutionListener@15817003, org.springframework.test.context.transaction.TransactionalTestExecutionListener@2563dec1, org.springframework.test.context.jdbc.SqlScriptsTestExecutionListener@371eeb01, org.springframework.test.context.event.EventPublishingTestExecutionListener@42e8d274, org.springframework.boot.test.autoconfigure.restdocs.RestDocsTestExecutionListener@5cf7a342, org.springframework.boot.test.autoconfigure.web.client.MockRestServiceServerResetTestExecutionListener@6759fbcb, org.springframework.boot.test.autoconfigure.web.servlet.MockMvcPrintOnlyOnFailureTestExecutionListener@275f42c2, org.springframework.boot.test.autoconfigure.web.servlet.WebDriverTestExecutionListener@23a05f2f, org.springframework.boot.test.autoconfigure.webservices.client.MockWebServiceServerTestExecutionListener@422c05aa, org.springframework.boot.test.mock.mockito.ResetMocksTestExecutionListener@6a832987]
]]></system-out>
  <system-err><![CDATA[]]></system-err>
</testsuite>
