<?xml version="1.0" encoding="UTF-8"?>
<testsuite name="com.employeelaptopdeliverytracking.employeelaptopdeliverytracking.AddressTests" tests="2" skipped="0" failures="0" errors="0" timestamp="2022-10-27T08:24:30" hostname="SKDB-73CQGPS" time="0.374">
  <properties/>
  <testcase name="testAddressFromDao()" classname="com.employeelaptopdeliverytracking.employeelaptopdeliverytracking.AddressTests" time="0.24"/>
  <testcase name="testGetAddressFromDao()" classname="com.employeelaptopdeliverytracking.employeelaptopdeliverytracking.AddressTests" time="0.133"/>
  <system-out><![CDATA[13:54:21.334 [Test worker] DEBUG org.springframework.test.context.BootstrapUtils - Instantiating CacheAwareContextLoaderDelegate from class [org.springframework.test.context.cache.DefaultCacheAwareContextLoaderDelegate]
13:54:21.351 [Test worker] DEBUG org.springframework.test.context.BootstrapUtils - Instantiating BootstrapContext using constructor [public org.springframework.test.context.support.DefaultBootstrapContext(java.lang.Class,org.springframework.test.context.CacheAwareContextLoaderDelegate)]
13:54:21.424 [Test worker] DEBUG org.springframework.test.context.BootstrapUtils - Instantiating TestContextBootstrapper for test class [com.employeelaptopdeliverytracking.employeelaptopdeliverytracking.AddressTests] from class [org.springframework.boot.test.context.SpringBootTestContextBootstrapper]
13:54:21.454 [Test worker] INFO org.springframework.boot.test.context.SpringBootTestContextBootstrapper - Neither @ContextConfiguration nor @ContextHierarchy found for test class [com.employeelaptopdeliverytracking.employeelaptopdeliverytracking.AddressTests], using SpringBootContextLoader
13:54:21.458 [Test worker] DEBUG org.springframework.test.context.support.AbstractContextLoader - Did not detect default resource location for test class [com.employeelaptopdeliverytracking.employeelaptopdeliverytracking.AddressTests]: class path resource [com/employeelaptopdeliverytracking/employeelaptopdeliverytracking/AddressTests-context.xml] does not exist
13:54:21.459 [Test worker] DEBUG org.springframework.test.context.support.AbstractContextLoader - Did not detect default resource location for test class [com.employeelaptopdeliverytracking.employeelaptopdeliverytracking.AddressTests]: class path resource [com/employeelaptopdeliverytracking/employeelaptopdeliverytracking/AddressTestsContext.groovy] does not exist
13:54:21.459 [Test worker] INFO org.springframework.test.context.support.AbstractContextLoader - Could not detect default resource locations for test class [com.employeelaptopdeliverytracking.employeelaptopdeliverytracking.AddressTests]: no resource found for suffixes {-context.xml, Context.groovy}.
13:54:21.460 [Test worker] INFO org.springframework.test.context.support.AnnotationConfigContextLoaderUtils - Could not detect default configuration classes for test class [com.employeelaptopdeliverytracking.employeelaptopdeliverytracking.AddressTests]: AddressTests does not declare any static, non-private, non-final, nested classes annotated with @Configuration.
13:54:21.528 [Test worker] DEBUG org.springframework.test.context.support.ActiveProfilesUtils - Could not find an 'annotation declaring class' for annotation type [org.springframework.test.context.ActiveProfiles] and class [com.employeelaptopdeliverytracking.employeelaptopdeliverytracking.AddressTests]
13:54:21.615 [Test worker] DEBUG org.springframework.context.annotation.ClassPathScanningCandidateComponentProvider - Identified candidate component class: file [C:\Users\dk4si\eclipse-workspace\employeelaptopdeliverytracking\build\classes\java\main\com\employeelaptopdeliverytracking\employeelaptopdeliverytracking\EmployeelaptopdeliverytrackingApplication.class]
13:54:21.617 [Test worker] INFO org.springframework.boot.test.context.SpringBootTestContextBootstrapper - Found @SpringBootConfiguration com.employeelaptopdeliverytracking.employeelaptopdeliverytracking.EmployeelaptopdeliverytrackingApplication for test class com.employeelaptopdeliverytracking.employeelaptopdeliverytracking.AddressTests
13:54:21.755 [Test worker] DEBUG org.springframework.boot.test.context.SpringBootTestContextBootstrapper - @TestExecutionListeners is not present for class [com.employeelaptopdeliverytracking.employeelaptopdeliverytracking.AddressTests]: using defaults.
13:54:21.755 [Test worker] INFO org.springframework.boot.test.context.SpringBootTestContextBootstrapper - Loaded default TestExecutionListener class names from location [META-INF/spring.factories]: [org.springframework.boot.test.autoconfigure.restdocs.RestDocsTestExecutionListener, org.springframework.boot.test.autoconfigure.web.client.MockRestServiceServerResetTestExecutionListener, org.springframework.boot.test.autoconfigure.web.servlet.MockMvcPrintOnlyOnFailureTestExecutionListener, org.springframework.boot.test.autoconfigure.web.servlet.WebDriverTestExecutionListener, org.springframework.boot.test.autoconfigure.webservices.client.MockWebServiceServerTestExecutionListener, org.springframework.boot.test.mock.mockito.MockitoTestExecutionListener, org.springframework.boot.test.mock.mockito.ResetMocksTestExecutionListener, org.springframework.test.context.web.ServletTestExecutionListener, org.springframework.test.context.support.DirtiesContextBeforeModesTestExecutionListener, org.springframework.test.context.event.ApplicationEventsTestExecutionListener, org.springframework.test.context.support.DependencyInjectionTestExecutionListener, org.springframework.test.context.support.DirtiesContextTestExecutionListener, org.springframework.test.context.transaction.TransactionalTestExecutionListener, org.springframework.test.context.jdbc.SqlScriptsTestExecutionListener, org.springframework.test.context.event.EventPublishingTestExecutionListener]
13:54:21.787 [Test worker] INFO org.springframework.boot.test.context.SpringBootTestContextBootstrapper - Using TestExecutionListeners: [org.springframework.test.context.web.ServletTestExecutionListener@414d2821, org.springframework.test.context.support.DirtiesContextBeforeModesTestExecutionListener@7378c4a4, org.springframework.test.context.event.ApplicationEventsTestExecutionListener@6694fb1b, org.springframework.boot.test.mock.mockito.MockitoTestExecutionListener@61ce238e, org.springframework.boot.test.autoconfigure.SpringBootDependencyInjectionTestExecutionListener@49ea13b6, org.springframework.test.context.support.DirtiesContextTestExecutionListener@7c02b3cb, org.springframework.test.context.transaction.TransactionalTestExecutionListener@3d8fd373, org.springframework.test.context.jdbc.SqlScriptsTestExecutionListener@2dcd451f, org.springframework.test.context.event.EventPublishingTestExecutionListener@342394b3, org.springframework.boot.test.autoconfigure.restdocs.RestDocsTestExecutionListener@5dd6f517, org.springframework.boot.test.autoconfigure.web.client.MockRestServiceServerResetTestExecutionListener@1e01b195, org.springframework.boot.test.autoconfigure.web.servlet.MockMvcPrintOnlyOnFailureTestExecutionListener@59a3eaf7, org.springframework.boot.test.autoconfigure.web.servlet.WebDriverTestExecutionListener@718d6b7c, org.springframework.boot.test.autoconfigure.webservices.client.MockWebServiceServerTestExecutionListener@1b994617, org.springframework.boot.test.mock.mockito.ResetMocksTestExecutionListener@807c1e8]
13:54:21.793 [Test worker] DEBUG org.springframework.test.context.support.AbstractDirtiesContextTestExecutionListener - Before test class: context [DefaultTestContext@73d8c8d7 testClass = AddressTests, testInstance = [null], testMethod = [null], testException = [null], mergedContextConfiguration = [WebMergedContextConfiguration@361b3ca6 testClass = AddressTests, locations = '{}', classes = '{class com.employeelaptopdeliverytracking.employeelaptopdeliverytracking.EmployeelaptopdeliverytrackingApplication}', contextInitializerClasses = '[]', activeProfiles = '{}', propertySourceLocations = '{}', propertySourceProperties = '{org.springframework.boot.test.context.SpringBootTestContextBootstrapper=true}', contextCustomizers = set[org.springframework.boot.test.autoconfigure.actuate.metrics.MetricsExportContextCustomizerFactory$DisableMetricExportContextCustomizer@7b6141f0, org.springframework.boot.test.autoconfigure.properties.PropertyMappingContextCustomizer@0, org.springframework.boot.test.autoconfigure.web.servlet.WebDriverContextCustomizerFactory$Customizer@5e193ef5, org.springframework.boot.test.context.filter.ExcludeFilterContextCustomizer@2017f6e6, org.springframework.boot.test.json.DuplicateJsonObjectContextCustomizerFactory$DuplicateJsonObjectContextCustomizer@226d5af0, org.springframework.boot.test.mock.mockito.MockitoContextCustomizer@0, org.springframework.boot.test.web.client.TestRestTemplateContextCustomizer@342beaf6, org.springframework.boot.test.context.SpringBootTestArgs@1, org.springframework.boot.test.context.SpringBootTestWebEnvironment@3cbcd8f3], resourceBasePath = 'src/main/webapp', contextLoader = 'org.springframework.boot.test.context.SpringBootContextLoader', parent = [null]], attributes = map['org.springframework.test.context.web.ServletTestExecutionListener.activateListener' -> true]], class annotated with @DirtiesContext [false] with mode [null].

  .   ____          _            __ _ _
 /\\ / ___'_ __ _ _(_)_ __  __ _ \ \ \ \
( ( )\___ | '_ | '_| | '_ \/ _` | \ \ \ \
 \\/  ___)| |_)| | | | | || (_| |  ) ) ) )
  '  |____| .__|_| |_|_| |_\__, | / / / /
 =========|_|==============|___/=/_/_/_/
 :: Spring Boot ::               (v2.6.13)

2022-10-27 13:54:22.149  INFO 19984 --- [    Test worker] c.e.e.AddressTests                       : Starting AddressTests using Java 1.8.0_341 on SKDB-73CQGPS with PID 19984 (started by dk4si in C:\Users\dk4si\eclipse-workspace\employeelaptopdeliverytracking)
2022-10-27 13:54:22.150  INFO 19984 --- [    Test worker] c.e.e.AddressTests                       : No active profile set, falling back to 1 default profile: "default"
2022-10-27 13:54:22.903  INFO 19984 --- [    Test worker] .s.d.r.c.RepositoryConfigurationDelegate : Bootstrapping Spring Data JPA repositories in DEFAULT mode.
2022-10-27 13:54:22.990  INFO 19984 --- [    Test worker] .s.d.r.c.RepositoryConfigurationDelegate : Finished Spring Data repository scanning in 78 ms. Found 10 JPA repository interfaces.
2022-10-27 13:54:24.322  INFO 19984 --- [    Test worker] o.hibernate.jpa.internal.util.LogHelper  : HHH000204: Processing PersistenceUnitInfo [name: default]
2022-10-27 13:54:24.438  INFO 19984 --- [    Test worker] org.hibernate.Version                    : HHH000412: Hibernate ORM core version 5.6.12.Final
2022-10-27 13:54:24.652  INFO 19984 --- [    Test worker] o.hibernate.annotations.common.Version   : HCANN000001: Hibernate Commons Annotations {5.1.2.Final}
2022-10-27 13:54:24.802  INFO 19984 --- [    Test worker] com.zaxxer.hikari.HikariDataSource       : HikariPool-1 - Starting...
2022-10-27 13:54:25.245  INFO 19984 --- [    Test worker] com.zaxxer.hikari.HikariDataSource       : HikariPool-1 - Start completed.
2022-10-27 13:54:25.288  INFO 19984 --- [    Test worker] org.hibernate.dialect.Dialect            : HHH000400: Using dialect: org.hibernate.dialect.PostgreSQLDialect
2022-10-27 13:54:26.615  INFO 19984 --- [    Test worker] o.h.e.t.j.p.i.JtaPlatformInitiator       : HHH000490: Using JtaPlatform implementation: [org.hibernate.engine.transaction.jta.platform.internal.NoJtaPlatform]
2022-10-27 13:54:26.624  INFO 19984 --- [    Test worker] j.LocalContainerEntityManagerFactoryBean : Initialized JPA EntityManagerFactory for persistence unit 'default'
2022-10-27 13:54:27.685  WARN 19984 --- [    Test worker] JpaBaseConfiguration$JpaWebConfiguration : spring.jpa.open-in-view is enabled by default. Therefore, database queries may be performed during view rendering. Explicitly configure spring.jpa.open-in-view to disable this warning
2022-10-27 13:54:30.341  INFO 19984 --- [    Test worker] c.e.e.AddressTests                       : Started AddressTests in 8.496 seconds (JVM running for 10.839)
]]></system-out>
  <system-err><![CDATA[]]></system-err>
</testsuite>
