<?xml version="1.0" encoding="UTF-8"?>
<testsuite name="com.employeelaptopdeliverytracking.employeelaptopdeliverytracking.RequestTests" tests="7" skipped="0" failures="0" errors="0" timestamp="2022-10-27T17:35:30" hostname="SKDB-73CQGPS" time="0.158">
  <properties/>
  <testcase name="testAddRequest()" classname="com.employeelaptopdeliverytracking.employeelaptopdeliverytracking.RequestTests" time="0.051"/>
  <testcase name="testSetTrackingUpdate()" classname="com.employeelaptopdeliverytracking.employeelaptopdeliverytracking.RequestTests" time="0.011"/>
  <testcase name="testAddTrackingDetails()" classname="com.employeelaptopdeliverytracking.employeelaptopdeliverytracking.RequestTests" time="0.016"/>
  <testcase name="testGetTrackingUpdate()" classname="com.employeelaptopdeliverytracking.employeelaptopdeliverytracking.RequestTests" time="0.01"/>
  <testcase name="testGetDeliveryPersonDetails()" classname="com.employeelaptopdeliverytracking.employeelaptopdeliverytracking.RequestTests" time="0.015"/>
  <testcase name="testAddComplaintsDao()" classname="com.employeelaptopdeliverytracking.employeelaptopdeliverytracking.RequestTests" time="0.021"/>
  <testcase name="testAddDeliveryPersonDetails()" classname="com.employeelaptopdeliverytracking.employeelaptopdeliverytracking.RequestTests" time="0.03"/>
  <system-out><![CDATA[2022-10-27 23:05:30.061  INFO 21944 --- [    Test worker] .b.t.c.SpringBootTestContextBootstrapper : Neither @ContextConfiguration nor @ContextHierarchy found for test class [com.employeelaptopdeliverytracking.employeelaptopdeliverytracking.RequestTests], using SpringBootContextLoader
2022-10-27 23:05:30.061  INFO 21944 --- [    Test worker] o.s.t.c.support.AbstractContextLoader    : Could not detect default resource locations for test class [com.employeelaptopdeliverytracking.employeelaptopdeliverytracking.RequestTests]: no resource found for suffixes {-context.xml, Context.groovy}.
2022-10-27 23:05:30.061  INFO 21944 --- [    Test worker] t.c.s.AnnotationConfigContextLoaderUtils : Could not detect default configuration classes for test class [com.employeelaptopdeliverytracking.employeelaptopdeliverytracking.RequestTests]: RequestTests does not declare any static, non-private, non-final, nested classes annotated with @Configuration.
2022-10-27 23:05:30.062  INFO 21944 --- [    Test worker] .b.t.c.SpringBootTestContextBootstrapper : Found @SpringBootConfiguration com.employeelaptopdeliverytracking.employeelaptopdeliverytracking.EmployeelaptopdeliverytrackingApplication for test class com.employeelaptopdeliverytracking.employeelaptopdeliverytracking.RequestTests
2022-10-27 23:05:30.063  INFO 21944 --- [    Test worker] .b.t.c.SpringBootTestContextBootstrapper : Loaded default TestExecutionListener class names from location [META-INF/spring.factories]: [org.springframework.boot.test.autoconfigure.restdocs.RestDocsTestExecutionListener, org.springframework.boot.test.autoconfigure.web.client.MockRestServiceServerResetTestExecutionListener, org.springframework.boot.test.autoconfigure.web.servlet.MockMvcPrintOnlyOnFailureTestExecutionListener, org.springframework.boot.test.autoconfigure.web.servlet.WebDriverTestExecutionListener, org.springframework.boot.test.autoconfigure.webservices.client.MockWebServiceServerTestExecutionListener, org.springframework.boot.test.mock.mockito.MockitoTestExecutionListener, org.springframework.boot.test.mock.mockito.ResetMocksTestExecutionListener, org.springframework.test.context.web.ServletTestExecutionListener, org.springframework.test.context.support.DirtiesContextBeforeModesTestExecutionListener, org.springframework.test.context.event.ApplicationEventsTestExecutionListener, org.springframework.test.context.support.DependencyInjectionTestExecutionListener, org.springframework.test.context.support.DirtiesContextTestExecutionListener, org.springframework.test.context.transaction.TransactionalTestExecutionListener, org.springframework.test.context.jdbc.SqlScriptsTestExecutionListener, org.springframework.test.context.event.EventPublishingTestExecutionListener]
2022-10-27 23:05:30.063  INFO 21944 --- [    Test worker] .b.t.c.SpringBootTestContextBootstrapper : Using TestExecutionListeners: [org.springframework.test.context.web.ServletTestExecutionListener@4f9b66cb, org.springframework.test.context.support.DirtiesContextBeforeModesTestExecutionListener@22c81c48, org.springframework.test.context.event.ApplicationEventsTestExecutionListener@a8ec5a7, org.springframework.boot.test.mock.mockito.MockitoTestExecutionListener@667f0392, org.springframework.boot.test.autoconfigure.SpringBootDependencyInjectionTestExecutionListener@72c68ca8, org.springframework.test.context.support.DirtiesContextTestExecutionListener@100ee4e4, org.springframework.test.context.transaction.TransactionalTestExecutionListener@6cd1b8bf, org.springframework.test.context.jdbc.SqlScriptsTestExecutionListener@72ac4524, org.springframework.test.context.event.EventPublishingTestExecutionListener@34c92415, org.springframework.boot.test.autoconfigure.restdocs.RestDocsTestExecutionListener@5387dfac, org.springframework.boot.test.autoconfigure.web.client.MockRestServiceServerResetTestExecutionListener@32729123, org.springframework.boot.test.autoconfigure.web.servlet.MockMvcPrintOnlyOnFailureTestExecutionListener@22e7772c, org.springframework.boot.test.autoconfigure.web.servlet.WebDriverTestExecutionListener@5ff316e9, org.springframework.boot.test.autoconfigure.webservices.client.MockWebServiceServerTestExecutionListener@3264c804, org.springframework.boot.test.mock.mockito.ResetMocksTestExecutionListener@1439bce2]
]]></system-out>
  <system-err><![CDATA[]]></system-err>
</testsuite>
