<?xml version="1.0" encoding="UTF-8"?>
<testsuite name="com.employeelaptopdeliverytracking.employeelaptopdeliverytracking.RequestTests" tests="7" skipped="0" failures="0" errors="0" timestamp="2022-10-27T18:44:46" hostname="SKDB-73CQGPS" time="0.225">
  <properties/>
  <testcase name="testAddRequest()" classname="com.employeelaptopdeliverytracking.employeelaptopdeliverytracking.RequestTests" time="0.089"/>
  <testcase name="testSetTrackingUpdate()" classname="com.employeelaptopdeliverytracking.employeelaptopdeliverytracking.RequestTests" time="0.011"/>
  <testcase name="testAddTrackingDetails()" classname="com.employeelaptopdeliverytracking.employeelaptopdeliverytracking.RequestTests" time="0.037"/>
  <testcase name="testGetTrackingUpdate()" classname="com.employeelaptopdeliverytracking.employeelaptopdeliverytracking.RequestTests" time="0.012"/>
  <testcase name="testGetDeliveryPersonDetails()" classname="com.employeelaptopdeliverytracking.employeelaptopdeliverytracking.RequestTests" time="0.016"/>
  <testcase name="testAddComplaintsDao()" classname="com.employeelaptopdeliverytracking.employeelaptopdeliverytracking.RequestTests" time="0.026"/>
  <testcase name="testAddDeliveryPersonDetails()" classname="com.employeelaptopdeliverytracking.employeelaptopdeliverytracking.RequestTests" time="0.03"/>
  <system-out><![CDATA[2022-10-28 00:14:46.333  INFO 3992 --- [    Test worker] .b.t.c.SpringBootTestContextBootstrapper : Neither @ContextConfiguration nor @ContextHierarchy found for test class [com.employeelaptopdeliverytracking.employeelaptopdeliverytracking.RequestTests], using SpringBootContextLoader
2022-10-28 00:14:46.334  INFO 3992 --- [    Test worker] o.s.t.c.support.AbstractContextLoader    : Could not detect default resource locations for test class [com.employeelaptopdeliverytracking.employeelaptopdeliverytracking.RequestTests]: no resource found for suffixes {-context.xml, Context.groovy}.
2022-10-28 00:14:46.334  INFO 3992 --- [    Test worker] t.c.s.AnnotationConfigContextLoaderUtils : Could not detect default configuration classes for test class [com.employeelaptopdeliverytracking.employeelaptopdeliverytracking.RequestTests]: RequestTests does not declare any static, non-private, non-final, nested classes annotated with @Configuration.
2022-10-28 00:14:46.335  INFO 3992 --- [    Test worker] .b.t.c.SpringBootTestContextBootstrapper : Found @SpringBootConfiguration com.employeelaptopdeliverytracking.employeelaptopdeliverytracking.EmployeelaptopdeliverytrackingApplication for test class com.employeelaptopdeliverytracking.employeelaptopdeliverytracking.RequestTests
2022-10-28 00:14:46.336  INFO 3992 --- [    Test worker] .b.t.c.SpringBootTestContextBootstrapper : Loaded default TestExecutionListener class names from location [META-INF/spring.factories]: [org.springframework.boot.test.autoconfigure.restdocs.RestDocsTestExecutionListener, org.springframework.boot.test.autoconfigure.web.client.MockRestServiceServerResetTestExecutionListener, org.springframework.boot.test.autoconfigure.web.servlet.MockMvcPrintOnlyOnFailureTestExecutionListener, org.springframework.boot.test.autoconfigure.web.servlet.WebDriverTestExecutionListener, org.springframework.boot.test.autoconfigure.webservices.client.MockWebServiceServerTestExecutionListener, org.springframework.boot.test.mock.mockito.MockitoTestExecutionListener, org.springframework.boot.test.mock.mockito.ResetMocksTestExecutionListener, org.springframework.test.context.web.ServletTestExecutionListener, org.springframework.test.context.support.DirtiesContextBeforeModesTestExecutionListener, org.springframework.test.context.event.ApplicationEventsTestExecutionListener, org.springframework.test.context.support.DependencyInjectionTestExecutionListener, org.springframework.test.context.support.DirtiesContextTestExecutionListener, org.springframework.test.context.transaction.TransactionalTestExecutionListener, org.springframework.test.context.jdbc.SqlScriptsTestExecutionListener, org.springframework.test.context.event.EventPublishingTestExecutionListener]
2022-10-28 00:14:46.336  INFO 3992 --- [    Test worker] .b.t.c.SpringBootTestContextBootstrapper : Using TestExecutionListeners: [org.springframework.test.context.web.ServletTestExecutionListener@2fd868a4, org.springframework.test.context.support.DirtiesContextBeforeModesTestExecutionListener@74ed7975, org.springframework.test.context.event.ApplicationEventsTestExecutionListener@30ec6e34, org.springframework.boot.test.mock.mockito.MockitoTestExecutionListener@914ad22, org.springframework.boot.test.autoconfigure.SpringBootDependencyInjectionTestExecutionListener@65e579ec, org.springframework.test.context.support.DirtiesContextTestExecutionListener@7adc82f4, org.springframework.test.context.transaction.TransactionalTestExecutionListener@2912de55, org.springframework.test.context.jdbc.SqlScriptsTestExecutionListener@5c31be8, org.springframework.test.context.event.EventPublishingTestExecutionListener@4ba738a5, org.springframework.boot.test.autoconfigure.restdocs.RestDocsTestExecutionListener@55f2c807, org.springframework.boot.test.autoconfigure.web.client.MockRestServiceServerResetTestExecutionListener@6aad549a, org.springframework.boot.test.autoconfigure.web.servlet.MockMvcPrintOnlyOnFailureTestExecutionListener@772c0e7c, org.springframework.boot.test.autoconfigure.web.servlet.WebDriverTestExecutionListener@5bc722c, org.springframework.boot.test.autoconfigure.webservices.client.MockWebServiceServerTestExecutionListener@46cd206c, org.springframework.boot.test.mock.mockito.ResetMocksTestExecutionListener@4644a5ab]
]]></system-out>
  <system-err><![CDATA[]]></system-err>
</testsuite>
