<?xml version="1.0" encoding="UTF-8"?>
<testsuite name="com.employeelaptopdeliverytracking.employeelaptopdeliverytracking.ComplaintsTests" tests="5" skipped="0" failures="0" errors="0" timestamp="2022-10-27T18:44:46" hostname="SKDB-73CQGPS" time="0.109">
  <properties/>
  <testcase name="testGetComplaintFromDao()" classname="com.employeelaptopdeliverytracking.employeelaptopdeliverytracking.ComplaintsTests" time="0.01"/>
  <testcase name="testAddComplaintsDao()" classname="com.employeelaptopdeliverytracking.employeelaptopdeliverytracking.ComplaintsTests" time="0.016"/>
  <testcase name="testGetAllEmployeeComplaints()" classname="com.employeelaptopdeliverytracking.employeelaptopdeliverytracking.ComplaintsTests" time="0.019"/>
  <testcase name="testGetComplaints()" classname="com.employeelaptopdeliverytracking.employeelaptopdeliverytracking.ComplaintsTests" time="0.02"/>
  <testcase name="testAddComplaints()" classname="com.employeelaptopdeliverytracking.employeelaptopdeliverytracking.ComplaintsTests" time="0.04"/>
  <system-out><![CDATA[2022-10-28 00:14:46.218  INFO 3992 --- [    Test worker] .b.t.c.SpringBootTestContextBootstrapper : Neither @ContextConfiguration nor @ContextHierarchy found for test class [com.employeelaptopdeliverytracking.employeelaptopdeliverytracking.ComplaintsTests], using SpringBootContextLoader
2022-10-28 00:14:46.219  INFO 3992 --- [    Test worker] o.s.t.c.support.AbstractContextLoader    : Could not detect default resource locations for test class [com.employeelaptopdeliverytracking.employeelaptopdeliverytracking.ComplaintsTests]: no resource found for suffixes {-context.xml, Context.groovy}.
2022-10-28 00:14:46.219  INFO 3992 --- [    Test worker] t.c.s.AnnotationConfigContextLoaderUtils : Could not detect default configuration classes for test class [com.employeelaptopdeliverytracking.employeelaptopdeliverytracking.ComplaintsTests]: ComplaintsTests does not declare any static, non-private, non-final, nested classes annotated with @Configuration.
2022-10-28 00:14:46.220  INFO 3992 --- [    Test worker] .b.t.c.SpringBootTestContextBootstrapper : Found @SpringBootConfiguration com.employeelaptopdeliverytracking.employeelaptopdeliverytracking.EmployeelaptopdeliverytrackingApplication for test class com.employeelaptopdeliverytracking.employeelaptopdeliverytracking.ComplaintsTests
2022-10-28 00:14:46.221  INFO 3992 --- [    Test worker] .b.t.c.SpringBootTestContextBootstrapper : Loaded default TestExecutionListener class names from location [META-INF/spring.factories]: [org.springframework.boot.test.autoconfigure.restdocs.RestDocsTestExecutionListener, org.springframework.boot.test.autoconfigure.web.client.MockRestServiceServerResetTestExecutionListener, org.springframework.boot.test.autoconfigure.web.servlet.MockMvcPrintOnlyOnFailureTestExecutionListener, org.springframework.boot.test.autoconfigure.web.servlet.WebDriverTestExecutionListener, org.springframework.boot.test.autoconfigure.webservices.client.MockWebServiceServerTestExecutionListener, org.springframework.boot.test.mock.mockito.MockitoTestExecutionListener, org.springframework.boot.test.mock.mockito.ResetMocksTestExecutionListener, org.springframework.test.context.web.ServletTestExecutionListener, org.springframework.test.context.support.DirtiesContextBeforeModesTestExecutionListener, org.springframework.test.context.event.ApplicationEventsTestExecutionListener, org.springframework.test.context.support.DependencyInjectionTestExecutionListener, org.springframework.test.context.support.DirtiesContextTestExecutionListener, org.springframework.test.context.transaction.TransactionalTestExecutionListener, org.springframework.test.context.jdbc.SqlScriptsTestExecutionListener, org.springframework.test.context.event.EventPublishingTestExecutionListener]
2022-10-28 00:14:46.221  INFO 3992 --- [    Test worker] .b.t.c.SpringBootTestContextBootstrapper : Using TestExecutionListeners: [org.springframework.test.context.web.ServletTestExecutionListener@23ec0ea, org.springframework.test.context.support.DirtiesContextBeforeModesTestExecutionListener@45540bab, org.springframework.test.context.event.ApplicationEventsTestExecutionListener@37816d46, org.springframework.boot.test.mock.mockito.MockitoTestExecutionListener@5eb5dedf, org.springframework.boot.test.autoconfigure.SpringBootDependencyInjectionTestExecutionListener@2a787c73, org.springframework.test.context.support.DirtiesContextTestExecutionListener@4f9433c4, org.springframework.test.context.transaction.TransactionalTestExecutionListener@73c38c2d, org.springframework.test.context.jdbc.SqlScriptsTestExecutionListener@370f7ac, org.springframework.test.context.event.EventPublishingTestExecutionListener@6a828855, org.springframework.boot.test.autoconfigure.restdocs.RestDocsTestExecutionListener@4669cd2, org.springframework.boot.test.autoconfigure.web.client.MockRestServiceServerResetTestExecutionListener@6b2bca97, org.springframework.boot.test.autoconfigure.web.servlet.MockMvcPrintOnlyOnFailureTestExecutionListener@6f629dc9, org.springframework.boot.test.autoconfigure.web.servlet.WebDriverTestExecutionListener@11dc6050, org.springframework.boot.test.autoconfigure.webservices.client.MockWebServiceServerTestExecutionListener@21ecfeb5, org.springframework.boot.test.mock.mockito.ResetMocksTestExecutionListener@14a6f76d]
]]></system-out>
  <system-err><![CDATA[]]></system-err>
</testsuite>
