<?xml version="1.0" encoding="UTF-8"?>
<testsuite name="com.employeelaptopdeliverytracking.employeelaptopdeliverytracking.AdminTest" tests="3" skipped="0" failures="0" errors="0" timestamp="2022-10-27T18:44:45" hostname="SKDB-73CQGPS" time="0.392">
  <properties/>
  <testcase name="TestUpdateStatusD()" classname="com.employeelaptopdeliverytracking.employeelaptopdeliverytracking.AdminTest" time="0.102"/>
  <testcase name="testUpdateStatus()" classname="com.employeelaptopdeliverytracking.employeelaptopdeliverytracking.AdminTest" time="0.273"/>
  <testcase name="testGetNewLaptopRequestAdmin()" classname="com.employeelaptopdeliverytracking.employeelaptopdeliverytracking.AdminTest" time="0.015"/>
  <system-out><![CDATA[00:14:35.284 [Test worker] DEBUG org.springframework.test.context.BootstrapUtils - Instantiating CacheAwareContextLoaderDelegate from class [org.springframework.test.context.cache.DefaultCacheAwareContextLoaderDelegate]
00:14:35.310 [Test worker] DEBUG org.springframework.test.context.BootstrapUtils - Instantiating BootstrapContext using constructor [public org.springframework.test.context.support.DefaultBootstrapContext(java.lang.Class,org.springframework.test.context.CacheAwareContextLoaderDelegate)]
00:14:35.388 [Test worker] DEBUG org.springframework.test.context.BootstrapUtils - Instantiating TestContextBootstrapper for test class [com.employeelaptopdeliverytracking.employeelaptopdeliverytracking.AdminTest] from class [org.springframework.boot.test.context.SpringBootTestContextBootstrapper]
00:14:35.415 [Test worker] INFO org.springframework.boot.test.context.SpringBootTestContextBootstrapper - Neither @ContextConfiguration nor @ContextHierarchy found for test class [com.employeelaptopdeliverytracking.employeelaptopdeliverytracking.AdminTest], using SpringBootContextLoader
00:14:35.424 [Test worker] DEBUG org.springframework.test.context.support.AbstractContextLoader - Did not detect default resource location for test class [com.employeelaptopdeliverytracking.employeelaptopdeliverytracking.AdminTest]: class path resource [com/employeelaptopdeliverytracking/employeelaptopdeliverytracking/AdminTest-context.xml] does not exist
00:14:35.424 [Test worker] DEBUG org.springframework.test.context.support.AbstractContextLoader - Did not detect default resource location for test class [com.employeelaptopdeliverytracking.employeelaptopdeliverytracking.AdminTest]: class path resource [com/employeelaptopdeliverytracking/employeelaptopdeliverytracking/AdminTestContext.groovy] does not exist
00:14:35.425 [Test worker] INFO org.springframework.test.context.support.AbstractContextLoader - Could not detect default resource locations for test class [com.employeelaptopdeliverytracking.employeelaptopdeliverytracking.AdminTest]: no resource found for suffixes {-context.xml, Context.groovy}.
00:14:35.426 [Test worker] INFO org.springframework.test.context.support.AnnotationConfigContextLoaderUtils - Could not detect default configuration classes for test class [com.employeelaptopdeliverytracking.employeelaptopdeliverytracking.AdminTest]: AdminTest does not declare any static, non-private, non-final, nested classes annotated with @Configuration.
00:14:35.489 [Test worker] DEBUG org.springframework.test.context.support.ActiveProfilesUtils - Could not find an 'annotation declaring class' for annotation type [org.springframework.test.context.ActiveProfiles] and class [com.employeelaptopdeliverytracking.employeelaptopdeliverytracking.AdminTest]
00:14:35.594 [Test worker] DEBUG org.springframework.context.annotation.ClassPathScanningCandidateComponentProvider - Identified candidate component class: file [C:\Users\dk4si\eclipse-workspace\employeelaptopdeliverytracking\build\classes\java\main\com\employeelaptopdeliverytracking\employeelaptopdeliverytracking\EmployeelaptopdeliverytrackingApplication.class]
00:14:35.595 [Test worker] INFO org.springframework.boot.test.context.SpringBootTestContextBootstrapper - Found @SpringBootConfiguration com.employeelaptopdeliverytracking.employeelaptopdeliverytracking.EmployeelaptopdeliverytrackingApplication for test class com.employeelaptopdeliverytracking.employeelaptopdeliverytracking.AdminTest
00:14:35.734 [Test worker] DEBUG org.springframework.boot.test.context.SpringBootTestContextBootstrapper - @TestExecutionListeners is not present for class [com.employeelaptopdeliverytracking.employeelaptopdeliverytracking.AdminTest]: using defaults.
00:14:35.735 [Test worker] INFO org.springframework.boot.test.context.SpringBootTestContextBootstrapper - Loaded default TestExecutionListener class names from location [META-INF/spring.factories]: [org.springframework.boot.test.autoconfigure.restdocs.RestDocsTestExecutionListener, org.springframework.boot.test.autoconfigure.web.client.MockRestServiceServerResetTestExecutionListener, org.springframework.boot.test.autoconfigure.web.servlet.MockMvcPrintOnlyOnFailureTestExecutionListener, org.springframework.boot.test.autoconfigure.web.servlet.WebDriverTestExecutionListener, org.springframework.boot.test.autoconfigure.webservices.client.MockWebServiceServerTestExecutionListener, org.springframework.boot.test.mock.mockito.MockitoTestExecutionListener, org.springframework.boot.test.mock.mockito.ResetMocksTestExecutionListener, org.springframework.test.context.web.ServletTestExecutionListener, org.springframework.test.context.support.DirtiesContextBeforeModesTestExecutionListener, org.springframework.test.context.event.ApplicationEventsTestExecutionListener, org.springframework.test.context.support.DependencyInjectionTestExecutionListener, org.springframework.test.context.support.DirtiesContextTestExecutionListener, org.springframework.test.context.transaction.TransactionalTestExecutionListener, org.springframework.test.context.jdbc.SqlScriptsTestExecutionListener, org.springframework.test.context.event.EventPublishingTestExecutionListener]
00:14:35.766 [Test worker] INFO org.springframework.boot.test.context.SpringBootTestContextBootstrapper - Using TestExecutionListeners: [org.springframework.test.context.web.ServletTestExecutionListener@20163008, org.springframework.test.context.support.DirtiesContextBeforeModesTestExecutionListener@60ef30b1, org.springframework.test.context.event.ApplicationEventsTestExecutionListener@3436d3d7, org.springframework.boot.test.mock.mockito.MockitoTestExecutionListener@3f40568e, org.springframework.boot.test.autoconfigure.SpringBootDependencyInjectionTestExecutionListener@2e47a71e, org.springframework.test.context.support.DirtiesContextTestExecutionListener@37b470df, org.springframework.test.context.transaction.TransactionalTestExecutionListener@359ea595, org.springframework.test.context.jdbc.SqlScriptsTestExecutionListener@8d7718e, org.springframework.test.context.event.EventPublishingTestExecutionListener@1bbb48dd, org.springframework.boot.test.autoconfigure.restdocs.RestDocsTestExecutionListener@f9de1fd, org.springframework.boot.test.autoconfigure.web.client.MockRestServiceServerResetTestExecutionListener@4fef4f96, org.springframework.boot.test.autoconfigure.web.servlet.MockMvcPrintOnlyOnFailureTestExecutionListener@7c871ce4, org.springframework.boot.test.autoconfigure.web.servlet.WebDriverTestExecutionListener@3d3b4e09, org.springframework.boot.test.autoconfigure.webservices.client.MockWebServiceServerTestExecutionListener@5dc9d25a, org.springframework.boot.test.mock.mockito.ResetMocksTestExecutionListener@686fb58a]
00:14:35.771 [Test worker] DEBUG org.springframework.test.context.support.AbstractDirtiesContextTestExecutionListener - Before test class: context [DefaultTestContext@116915f1 testClass = AdminTest, testInstance = [null], testMethod = [null], testException = [null], mergedContextConfiguration = [WebMergedContextConfiguration@27bbe773 testClass = AdminTest, locations = '{}', classes = '{class com.employeelaptopdeliverytracking.employeelaptopdeliverytracking.EmployeelaptopdeliverytrackingApplication}', contextInitializerClasses = '[]', activeProfiles = '{}', propertySourceLocations = '{}', propertySourceProperties = '{org.springframework.boot.test.context.SpringBootTestContextBootstrapper=true}', contextCustomizers = set[org.springframework.boot.test.autoconfigure.actuate.metrics.MetricsExportContextCustomizerFactory$DisableMetricExportContextCustomizer@7781263c, org.springframework.boot.test.autoconfigure.properties.PropertyMappingContextCustomizer@0, org.springframework.boot.test.autoconfigure.web.servlet.WebDriverContextCustomizerFactory$Customizer@13192275, org.springframework.boot.test.context.filter.ExcludeFilterContextCustomizer@4b4969ea, org.springframework.boot.test.json.DuplicateJsonObjectContextCustomizerFactory$DuplicateJsonObjectContextCustomizer@4c4c7d6c, org.springframework.boot.test.mock.mockito.MockitoContextCustomizer@0, org.springframework.boot.test.web.client.TestRestTemplateContextCustomizer@150fc7a7, org.springframework.boot.test.context.SpringBootTestArgs@1, org.springframework.boot.test.context.SpringBootTestWebEnvironment@2ab2710], resourceBasePath = 'src/main/webapp', contextLoader = 'org.springframework.boot.test.context.SpringBootContextLoader', parent = [null]], attributes = map['org.springframework.test.context.web.ServletTestExecutionListener.activateListener' -> true]], class annotated with @DirtiesContext [false] with mode [null].

  .   ____          _            __ _ _
 /\\ / ___'_ __ _ _(_)_ __  __ _ \ \ \ \
( ( )\___ | '_ | '_| | '_ \/ _` | \ \ \ \
 \\/  ___)| |_)| | | | | || (_| |  ) ) ) )
  '  |____| .__|_| |_|_| |_\__, | / / / /
 =========|_|==============|___/=/_/_/_/
 :: Spring Boot ::               (v2.6.13)

2022-10-28 00:14:36.202  INFO 3992 --- [    Test worker] c.e.e.AdminTest                          : Starting AdminTest using Java 1.8.0_341 on SKDB-73CQGPS with PID 3992 (started by dk4si in C:\Users\dk4si\eclipse-workspace\employeelaptopdeliverytracking)
2022-10-28 00:14:36.204  INFO 3992 --- [    Test worker] c.e.e.AdminTest                          : No active profile set, falling back to 1 default profile: "default"
2022-10-28 00:14:37.033  INFO 3992 --- [    Test worker] .s.d.r.c.RepositoryConfigurationDelegate : Bootstrapping Spring Data JPA repositories in DEFAULT mode.
2022-10-28 00:14:37.110  INFO 3992 --- [    Test worker] .s.d.r.c.RepositoryConfigurationDelegate : Finished Spring Data repository scanning in 67 ms. Found 10 JPA repository interfaces.
2022-10-28 00:14:38.549  INFO 3992 --- [    Test worker] o.hibernate.jpa.internal.util.LogHelper  : HHH000204: Processing PersistenceUnitInfo [name: default]
2022-10-28 00:14:38.684  INFO 3992 --- [    Test worker] org.hibernate.Version                    : HHH000412: Hibernate ORM core version 5.6.12.Final
2022-10-28 00:14:38.914  INFO 3992 --- [    Test worker] o.hibernate.annotations.common.Version   : HCANN000001: Hibernate Commons Annotations {5.1.2.Final}
2022-10-28 00:14:39.071  INFO 3992 --- [    Test worker] com.zaxxer.hikari.HikariDataSource       : HikariPool-1 - Starting...
2022-10-28 00:14:39.541  INFO 3992 --- [    Test worker] com.zaxxer.hikari.HikariDataSource       : HikariPool-1 - Start completed.
2022-10-28 00:14:39.586  INFO 3992 --- [    Test worker] org.hibernate.dialect.Dialect            : HHH000400: Using dialect: org.hibernate.dialect.PostgreSQLDialect
2022-10-28 00:14:40.919  INFO 3992 --- [    Test worker] o.h.e.t.j.p.i.JtaPlatformInitiator       : HHH000490: Using JtaPlatform implementation: [org.hibernate.engine.transaction.jta.platform.internal.NoJtaPlatform]
2022-10-28 00:14:40.932  INFO 3992 --- [    Test worker] j.LocalContainerEntityManagerFactoryBean : Initialized JPA EntityManagerFactory for persistence unit 'default'
2022-10-28 00:14:42.174  WARN 3992 --- [    Test worker] JpaBaseConfiguration$JpaWebConfiguration : spring.jpa.open-in-view is enabled by default. Therefore, database queries may be performed during view rendering. Explicitly configure spring.jpa.open-in-view to disable this warning
2022-10-28 00:14:45.159  INFO 3992 --- [    Test worker] c.e.e.AdminTest                          : Started AdminTest in 9.299 seconds (JVM running for 12.093)
]]></system-out>
  <system-err><![CDATA[]]></system-err>
</testsuite>
