<?xml version="1.0" encoding="UTF-8"?>
<testsuite name="com.employeelaptopdeliverytracking.employeelaptopdeliverytracking.ServiceRatingTest" tests="2" skipped="0" failures="0" errors="0" timestamp="2022-10-27T18:44:46" hostname="SKDB-73CQGPS" time="0.045">
  <properties/>
  <testcase name="testAddServiceRatingD()" classname="com.employeelaptopdeliverytracking.employeelaptopdeliverytracking.ServiceRatingTest" time="0.022"/>
  <testcase name="testAddServiceRating()" classname="com.employeelaptopdeliverytracking.employeelaptopdeliverytracking.ServiceRatingTest" time="0.022"/>
  <system-out><![CDATA[2022-10-28 00:14:46.565  INFO 3992 --- [    Test worker] .b.t.c.SpringBootTestContextBootstrapper : Neither @ContextConfiguration nor @ContextHierarchy found for test class [com.employeelaptopdeliverytracking.employeelaptopdeliverytracking.ServiceRatingTest], using SpringBootContextLoader
2022-10-28 00:14:46.565  INFO 3992 --- [    Test worker] o.s.t.c.support.AbstractContextLoader    : Could not detect default resource locations for test class [com.employeelaptopdeliverytracking.employeelaptopdeliverytracking.ServiceRatingTest]: no resource found for suffixes {-context.xml, Context.groovy}.
2022-10-28 00:14:46.566  INFO 3992 --- [    Test worker] t.c.s.AnnotationConfigContextLoaderUtils : Could not detect default configuration classes for test class [com.employeelaptopdeliverytracking.employeelaptopdeliverytracking.ServiceRatingTest]: ServiceRatingTest does not declare any static, non-private, non-final, nested classes annotated with @Configuration.
2022-10-28 00:14:46.566  INFO 3992 --- [    Test worker] .b.t.c.SpringBootTestContextBootstrapper : Found @SpringBootConfiguration com.employeelaptopdeliverytracking.employeelaptopdeliverytracking.EmployeelaptopdeliverytrackingApplication for test class com.employeelaptopdeliverytracking.employeelaptopdeliverytracking.ServiceRatingTest
2022-10-28 00:14:46.567  INFO 3992 --- [    Test worker] .b.t.c.SpringBootTestContextBootstrapper : Loaded default TestExecutionListener class names from location [META-INF/spring.factories]: [org.springframework.boot.test.autoconfigure.restdocs.RestDocsTestExecutionListener, org.springframework.boot.test.autoconfigure.web.client.MockRestServiceServerResetTestExecutionListener, org.springframework.boot.test.autoconfigure.web.servlet.MockMvcPrintOnlyOnFailureTestExecutionListener, org.springframework.boot.test.autoconfigure.web.servlet.WebDriverTestExecutionListener, org.springframework.boot.test.autoconfigure.webservices.client.MockWebServiceServerTestExecutionListener, org.springframework.boot.test.mock.mockito.MockitoTestExecutionListener, org.springframework.boot.test.mock.mockito.ResetMocksTestExecutionListener, org.springframework.test.context.web.ServletTestExecutionListener, org.springframework.test.context.support.DirtiesContextBeforeModesTestExecutionListener, org.springframework.test.context.event.ApplicationEventsTestExecutionListener, org.springframework.test.context.support.DependencyInjectionTestExecutionListener, org.springframework.test.context.support.DirtiesContextTestExecutionListener, org.springframework.test.context.transaction.TransactionalTestExecutionListener, org.springframework.test.context.jdbc.SqlScriptsTestExecutionListener, org.springframework.test.context.event.EventPublishingTestExecutionListener]
2022-10-28 00:14:46.568  INFO 3992 --- [    Test worker] .b.t.c.SpringBootTestContextBootstrapper : Using TestExecutionListeners: [org.springframework.test.context.web.ServletTestExecutionListener@8247c40, org.springframework.test.context.support.DirtiesContextBeforeModesTestExecutionListener@38fdba62, org.springframework.test.context.event.ApplicationEventsTestExecutionListener@7c4d24fb, org.springframework.boot.test.mock.mockito.MockitoTestExecutionListener@239fd906, org.springframework.boot.test.autoconfigure.SpringBootDependencyInjectionTestExecutionListener@8f27749, org.springframework.test.context.support.DirtiesContextTestExecutionListener@5d89f29f, org.springframework.test.context.transaction.TransactionalTestExecutionListener@48f66f29, org.springframework.test.context.jdbc.SqlScriptsTestExecutionListener@15fcd8d8, org.springframework.test.context.event.EventPublishingTestExecutionListener@e2fad11, org.springframework.boot.test.autoconfigure.restdocs.RestDocsTestExecutionListener@1c20ab41, org.springframework.boot.test.autoconfigure.web.client.MockRestServiceServerResetTestExecutionListener@675410cb, org.springframework.boot.test.autoconfigure.web.servlet.MockMvcPrintOnlyOnFailureTestExecutionListener@149d3ee1, org.springframework.boot.test.autoconfigure.web.servlet.WebDriverTestExecutionListener@67294e46, org.springframework.boot.test.autoconfigure.webservices.client.MockWebServiceServerTestExecutionListener@7eca9b41, org.springframework.boot.test.mock.mockito.ResetMocksTestExecutionListener@39df1e1b]
]]></system-out>
  <system-err><![CDATA[]]></system-err>
</testsuite>
