<?xml version="1.0" encoding="UTF-8"?>
<testsuite name="com.employeelaptopdeliverytracking.employeelaptopdeliverytracking.AdminTest" tests="3" skipped="0" failures="0" errors="0" timestamp="2022-10-27T17:35:29" hostname="SKDB-73CQGPS" time="0.068">
  <properties/>
  <testcase name="TestUpdateStatusD()" classname="com.employeelaptopdeliverytracking.employeelaptopdeliverytracking.AdminTest" time="0.007"/>
  <testcase name="testUpdateStatus()" classname="com.employeelaptopdeliverytracking.employeelaptopdeliverytracking.AdminTest" time="0.046"/>
  <testcase name="testGetNewLaptopRequestAdmin()" classname="com.employeelaptopdeliverytracking.employeelaptopdeliverytracking.AdminTest" time="0.012"/>
  <system-out><![CDATA[2022-10-27 23:05:29.455  INFO 21944 --- [    Test worker] .b.t.c.SpringBootTestContextBootstrapper : Neither @ContextConfiguration nor @ContextHierarchy found for test class [com.employeelaptopdeliverytracking.employeelaptopdeliverytracking.AdminTest], using SpringBootContextLoader
2022-10-27 23:05:29.456  INFO 21944 --- [    Test worker] o.s.t.c.support.AbstractContextLoader    : Could not detect default resource locations for test class [com.employeelaptopdeliverytracking.employeelaptopdeliverytracking.AdminTest]: no resource found for suffixes {-context.xml, Context.groovy}.
2022-10-27 23:05:29.456  INFO 21944 --- [    Test worker] t.c.s.AnnotationConfigContextLoaderUtils : Could not detect default configuration classes for test class [com.employeelaptopdeliverytracking.employeelaptopdeliverytracking.AdminTest]: AdminTest does not declare any static, non-private, non-final, nested classes annotated with @Configuration.
2022-10-27 23:05:29.456  INFO 21944 --- [    Test worker] .b.t.c.SpringBootTestContextBootstrapper : Found @SpringBootConfiguration com.employeelaptopdeliverytracking.employeelaptopdeliverytracking.EmployeelaptopdeliverytrackingApplication for test class com.employeelaptopdeliverytracking.employeelaptopdeliverytracking.AdminTest
2022-10-27 23:05:29.458  INFO 21944 --- [    Test worker] .b.t.c.SpringBootTestContextBootstrapper : Loaded default TestExecutionListener class names from location [META-INF/spring.factories]: [org.springframework.boot.test.autoconfigure.restdocs.RestDocsTestExecutionListener, org.springframework.boot.test.autoconfigure.web.client.MockRestServiceServerResetTestExecutionListener, org.springframework.boot.test.autoconfigure.web.servlet.MockMvcPrintOnlyOnFailureTestExecutionListener, org.springframework.boot.test.autoconfigure.web.servlet.WebDriverTestExecutionListener, org.springframework.boot.test.autoconfigure.webservices.client.MockWebServiceServerTestExecutionListener, org.springframework.boot.test.mock.mockito.MockitoTestExecutionListener, org.springframework.boot.test.mock.mockito.ResetMocksTestExecutionListener, org.springframework.test.context.web.ServletTestExecutionListener, org.springframework.test.context.support.DirtiesContextBeforeModesTestExecutionListener, org.springframework.test.context.event.ApplicationEventsTestExecutionListener, org.springframework.test.context.support.DependencyInjectionTestExecutionListener, org.springframework.test.context.support.DirtiesContextTestExecutionListener, org.springframework.test.context.transaction.TransactionalTestExecutionListener, org.springframework.test.context.jdbc.SqlScriptsTestExecutionListener, org.springframework.test.context.event.EventPublishingTestExecutionListener]
2022-10-27 23:05:29.458  INFO 21944 --- [    Test worker] .b.t.c.SpringBootTestContextBootstrapper : Using TestExecutionListeners: [org.springframework.test.context.web.ServletTestExecutionListener@506d2e5d, org.springframework.test.context.support.DirtiesContextBeforeModesTestExecutionListener@398a9330, org.springframework.test.context.event.ApplicationEventsTestExecutionListener@10e69cb0, org.springframework.boot.test.mock.mockito.MockitoTestExecutionListener@6f54f7d6, org.springframework.boot.test.autoconfigure.SpringBootDependencyInjectionTestExecutionListener@567223a7, org.springframework.test.context.support.DirtiesContextTestExecutionListener@3b0c294a, org.springframework.test.context.transaction.TransactionalTestExecutionListener@1fab3187, org.springframework.test.context.jdbc.SqlScriptsTestExecutionListener@57898fe3, org.springframework.test.context.event.EventPublishingTestExecutionListener@1021f1ae, org.springframework.boot.test.autoconfigure.restdocs.RestDocsTestExecutionListener@4a3ddc99, org.springframework.boot.test.autoconfigure.web.client.MockRestServiceServerResetTestExecutionListener@cdceb50, org.springframework.boot.test.autoconfigure.web.servlet.MockMvcPrintOnlyOnFailureTestExecutionListener@17318bbf, org.springframework.boot.test.autoconfigure.web.servlet.WebDriverTestExecutionListener@802a476, org.springframework.boot.test.autoconfigure.webservices.client.MockWebServiceServerTestExecutionListener@2cff78fb, org.springframework.boot.test.mock.mockito.ResetMocksTestExecutionListener@4792805f]
]]></system-out>
  <system-err><![CDATA[]]></system-err>
</testsuite>
