<?xml version="1.0" encoding="UTF-8"?>
<testsuite name="com.employeelaptopdeliverytracking.employeelaptopdeliverytracking.TrackingTests" tests="4" skipped="0" failures="0" errors="0" timestamp="2022-10-27T17:35:30" hostname="SKDB-73CQGPS" time="0.048">
  <properties/>
  <testcase name="testGetTrackingDetails()" classname="com.employeelaptopdeliverytracking.employeelaptopdeliverytracking.TrackingTests" time="0.012"/>
  <testcase name="testAddTrackingDao()" classname="com.employeelaptopdeliverytracking.employeelaptopdeliverytracking.TrackingTests" time="0.008"/>
  <testcase name="testGetTrackingFromDao()" classname="com.employeelaptopdeliverytracking.employeelaptopdeliverytracking.TrackingTests" time="0.008"/>
  <testcase name="testAddTrackingObject()" classname="com.employeelaptopdeliverytracking.employeelaptopdeliverytracking.TrackingTests" time="0.019"/>
  <system-out><![CDATA[2022-10-27 23:05:30.276  INFO 21944 --- [    Test worker] .b.t.c.SpringBootTestContextBootstrapper : Neither @ContextConfiguration nor @ContextHierarchy found for test class [com.employeelaptopdeliverytracking.employeelaptopdeliverytracking.TrackingTests], using SpringBootContextLoader
2022-10-27 23:05:30.277  INFO 21944 --- [    Test worker] o.s.t.c.support.AbstractContextLoader    : Could not detect default resource locations for test class [com.employeelaptopdeliverytracking.employeelaptopdeliverytracking.TrackingTests]: no resource found for suffixes {-context.xml, Context.groovy}.
2022-10-27 23:05:30.277  INFO 21944 --- [    Test worker] t.c.s.AnnotationConfigContextLoaderUtils : Could not detect default configuration classes for test class [com.employeelaptopdeliverytracking.employeelaptopdeliverytracking.TrackingTests]: TrackingTests does not declare any static, non-private, non-final, nested classes annotated with @Configuration.
2022-10-27 23:05:30.278  INFO 21944 --- [    Test worker] .b.t.c.SpringBootTestContextBootstrapper : Found @SpringBootConfiguration com.employeelaptopdeliverytracking.employeelaptopdeliverytracking.EmployeelaptopdeliverytrackingApplication for test class com.employeelaptopdeliverytracking.employeelaptopdeliverytracking.TrackingTests
2022-10-27 23:05:30.279  INFO 21944 --- [    Test worker] .b.t.c.SpringBootTestContextBootstrapper : Loaded default TestExecutionListener class names from location [META-INF/spring.factories]: [org.springframework.boot.test.autoconfigure.restdocs.RestDocsTestExecutionListener, org.springframework.boot.test.autoconfigure.web.client.MockRestServiceServerResetTestExecutionListener, org.springframework.boot.test.autoconfigure.web.servlet.MockMvcPrintOnlyOnFailureTestExecutionListener, org.springframework.boot.test.autoconfigure.web.servlet.WebDriverTestExecutionListener, org.springframework.boot.test.autoconfigure.webservices.client.MockWebServiceServerTestExecutionListener, org.springframework.boot.test.mock.mockito.MockitoTestExecutionListener, org.springframework.boot.test.mock.mockito.ResetMocksTestExecutionListener, org.springframework.test.context.web.ServletTestExecutionListener, org.springframework.test.context.support.DirtiesContextBeforeModesTestExecutionListener, org.springframework.test.context.event.ApplicationEventsTestExecutionListener, org.springframework.test.context.support.DependencyInjectionTestExecutionListener, org.springframework.test.context.support.DirtiesContextTestExecutionListener, org.springframework.test.context.transaction.TransactionalTestExecutionListener, org.springframework.test.context.jdbc.SqlScriptsTestExecutionListener, org.springframework.test.context.event.EventPublishingTestExecutionListener]
2022-10-27 23:05:30.279  INFO 21944 --- [    Test worker] .b.t.c.SpringBootTestContextBootstrapper : Using TestExecutionListeners: [org.springframework.test.context.web.ServletTestExecutionListener@4aa1e06f, org.springframework.test.context.support.DirtiesContextBeforeModesTestExecutionListener@6b516c5c, org.springframework.test.context.event.ApplicationEventsTestExecutionListener@766f0526, org.springframework.boot.test.mock.mockito.MockitoTestExecutionListener@5366a415, org.springframework.boot.test.autoconfigure.SpringBootDependencyInjectionTestExecutionListener@1681948e, org.springframework.test.context.support.DirtiesContextTestExecutionListener@7652298e, org.springframework.test.context.transaction.TransactionalTestExecutionListener@789a4457, org.springframework.test.context.jdbc.SqlScriptsTestExecutionListener@1eba015d, org.springframework.test.context.event.EventPublishingTestExecutionListener@485c3e0, org.springframework.boot.test.autoconfigure.restdocs.RestDocsTestExecutionListener@63fc84a7, org.springframework.boot.test.autoconfigure.web.client.MockRestServiceServerResetTestExecutionListener@49eecc73, org.springframework.boot.test.autoconfigure.web.servlet.MockMvcPrintOnlyOnFailureTestExecutionListener@7908cfa, org.springframework.boot.test.autoconfigure.web.servlet.WebDriverTestExecutionListener@2d20d52b, org.springframework.boot.test.autoconfigure.webservices.client.MockWebServiceServerTestExecutionListener@2a7eb594, org.springframework.boot.test.mock.mockito.ResetMocksTestExecutionListener@154c79fc]
]]></system-out>
  <system-err><![CDATA[]]></system-err>
</testsuite>
