<?xml version="1.0" encoding="UTF-8"?>
<testsuite name="com.employeelaptopdeliverytracking.employeelaptopdeliverytracking.TrackingTests" tests="4" skipped="0" failures="0" errors="0" timestamp="2022-10-27T18:44:46" hostname="SKDB-73CQGPS" time="0.067">
  <properties/>
  <testcase name="testGetTrackingDetails()" classname="com.employeelaptopdeliverytracking.employeelaptopdeliverytracking.TrackingTests" time="0.015"/>
  <testcase name="testAddTrackingDao()" classname="com.employeelaptopdeliverytracking.employeelaptopdeliverytracking.TrackingTests" time="0.01"/>
  <testcase name="testGetTrackingFromDao()" classname="com.employeelaptopdeliverytracking.employeelaptopdeliverytracking.TrackingTests" time="0.009"/>
  <testcase name="testAddTrackingObject()" classname="com.employeelaptopdeliverytracking.employeelaptopdeliverytracking.TrackingTests" time="0.03"/>
  <system-out><![CDATA[2022-10-28 00:14:46.615  INFO 3992 --- [    Test worker] .b.t.c.SpringBootTestContextBootstrapper : Neither @ContextConfiguration nor @ContextHierarchy found for test class [com.employeelaptopdeliverytracking.employeelaptopdeliverytracking.TrackingTests], using SpringBootContextLoader
2022-10-28 00:14:46.616  INFO 3992 --- [    Test worker] o.s.t.c.support.AbstractContextLoader    : Could not detect default resource locations for test class [com.employeelaptopdeliverytracking.employeelaptopdeliverytracking.TrackingTests]: no resource found for suffixes {-context.xml, Context.groovy}.
2022-10-28 00:14:46.616  INFO 3992 --- [    Test worker] t.c.s.AnnotationConfigContextLoaderUtils : Could not detect default configuration classes for test class [com.employeelaptopdeliverytracking.employeelaptopdeliverytracking.TrackingTests]: TrackingTests does not declare any static, non-private, non-final, nested classes annotated with @Configuration.
2022-10-28 00:14:46.616  INFO 3992 --- [    Test worker] .b.t.c.SpringBootTestContextBootstrapper : Found @SpringBootConfiguration com.employeelaptopdeliverytracking.employeelaptopdeliverytracking.EmployeelaptopdeliverytrackingApplication for test class com.employeelaptopdeliverytracking.employeelaptopdeliverytracking.TrackingTests
2022-10-28 00:14:46.617  INFO 3992 --- [    Test worker] .b.t.c.SpringBootTestContextBootstrapper : Loaded default TestExecutionListener class names from location [META-INF/spring.factories]: [org.springframework.boot.test.autoconfigure.restdocs.RestDocsTestExecutionListener, org.springframework.boot.test.autoconfigure.web.client.MockRestServiceServerResetTestExecutionListener, org.springframework.boot.test.autoconfigure.web.servlet.MockMvcPrintOnlyOnFailureTestExecutionListener, org.springframework.boot.test.autoconfigure.web.servlet.WebDriverTestExecutionListener, org.springframework.boot.test.autoconfigure.webservices.client.MockWebServiceServerTestExecutionListener, org.springframework.boot.test.mock.mockito.MockitoTestExecutionListener, org.springframework.boot.test.mock.mockito.ResetMocksTestExecutionListener, org.springframework.test.context.web.ServletTestExecutionListener, org.springframework.test.context.support.DirtiesContextBeforeModesTestExecutionListener, org.springframework.test.context.event.ApplicationEventsTestExecutionListener, org.springframework.test.context.support.DependencyInjectionTestExecutionListener, org.springframework.test.context.support.DirtiesContextTestExecutionListener, org.springframework.test.context.transaction.TransactionalTestExecutionListener, org.springframework.test.context.jdbc.SqlScriptsTestExecutionListener, org.springframework.test.context.event.EventPublishingTestExecutionListener]
2022-10-28 00:14:46.617  INFO 3992 --- [    Test worker] .b.t.c.SpringBootTestContextBootstrapper : Using TestExecutionListeners: [org.springframework.test.context.web.ServletTestExecutionListener@1ed5b533, org.springframework.test.context.support.DirtiesContextBeforeModesTestExecutionListener@79b3e1e4, org.springframework.test.context.event.ApplicationEventsTestExecutionListener@44a0894f, org.springframework.boot.test.mock.mockito.MockitoTestExecutionListener@6ff13ea0, org.springframework.boot.test.autoconfigure.SpringBootDependencyInjectionTestExecutionListener@5cbe7240, org.springframework.test.context.support.DirtiesContextTestExecutionListener@3a6414f2, org.springframework.test.context.transaction.TransactionalTestExecutionListener@7ace1800, org.springframework.test.context.jdbc.SqlScriptsTestExecutionListener@1cac3dc7, org.springframework.test.context.event.EventPublishingTestExecutionListener@33af7060, org.springframework.boot.test.autoconfigure.restdocs.RestDocsTestExecutionListener@29f62163, org.springframework.boot.test.autoconfigure.web.client.MockRestServiceServerResetTestExecutionListener@23723245, org.springframework.boot.test.autoconfigure.web.servlet.MockMvcPrintOnlyOnFailureTestExecutionListener@5ecd61e9, org.springframework.boot.test.autoconfigure.web.servlet.WebDriverTestExecutionListener@16293620, org.springframework.boot.test.autoconfigure.webservices.client.MockWebServiceServerTestExecutionListener@e4ce0bf, org.springframework.boot.test.mock.mockito.ResetMocksTestExecutionListener@3c9e1b29]
]]></system-out>
  <system-err><![CDATA[]]></system-err>
</testsuite>
