<?xml version="1.0" encoding="UTF-8"?>
<testsuite name="com.employeelaptopdeliverytracking.employeelaptopdeliverytracking.AuthControllerAndRepairControllerTests" tests="14" skipped="0" failures="0" errors="0" timestamp="2022-10-27T18:44:45" hostname="SKDB-73CQGPS" time="0.611">
  <properties/>
  <testcase name="testLoginEmployee()" classname="com.employeelaptopdeliverytracking.employeelaptopdeliverytracking.AuthControllerAndRepairControllerTests" time="0.258"/>
  <testcase name="testlogout()" classname="com.employeelaptopdeliverytracking.employeelaptopdeliverytracking.AuthControllerAndRepairControllerTests" time="0.01"/>
  <testcase name="testUserProfile()" classname="com.employeelaptopdeliverytracking.employeelaptopdeliverytracking.AuthControllerAndRepairControllerTests" time="0.012"/>
  <testcase name="testViewTokenStatus()" classname="com.employeelaptopdeliverytracking.employeelaptopdeliverytracking.AuthControllerAndRepairControllerTests" time="0.121"/>
  <testcase name="testGetRepairFromDao()" classname="com.employeelaptopdeliverytracking.employeelaptopdeliverytracking.AuthControllerAndRepairControllerTests" time="0.021"/>
  <testcase name="testGetRepairTokenDao()" classname="com.employeelaptopdeliverytracking.employeelaptopdeliverytracking.AuthControllerAndRepairControllerTests" time="0.011"/>
  <testcase name="testAddEmployee()" classname="com.employeelaptopdeliverytracking.employeelaptopdeliverytracking.AuthControllerAndRepairControllerTests" time="0.02"/>
  <testcase name="testGetRepairToken()" classname="com.employeelaptopdeliverytracking.employeelaptopdeliverytracking.AuthControllerAndRepairControllerTests" time="0.032"/>
  <testcase name="testAddEmployeeDao()" classname="com.employeelaptopdeliverytracking.employeelaptopdeliverytracking.AuthControllerAndRepairControllerTests" time="0.009"/>
  <testcase name="testAddDeviceDao()" classname="com.employeelaptopdeliverytracking.employeelaptopdeliverytracking.AuthControllerAndRepairControllerTests" time="0.014"/>
  <testcase name="testUpdateRepairStatus()" classname="com.employeelaptopdeliverytracking.employeelaptopdeliverytracking.AuthControllerAndRepairControllerTests" time="0.033"/>
  <testcase name="testRetriveEmployeeDeviceDetails()" classname="com.employeelaptopdeliverytracking.employeelaptopdeliverytracking.AuthControllerAndRepairControllerTests" time="0.033"/>
  <testcase name="testAddRepairTokenDao()" classname="com.employeelaptopdeliverytracking.employeelaptopdeliverytracking.AuthControllerAndRepairControllerTests" time="0.013"/>
  <testcase name="testGetEmployeeFromDao()" classname="com.employeelaptopdeliverytracking.employeelaptopdeliverytracking.AuthControllerAndRepairControllerTests" time="0.009"/>
  <system-out><![CDATA[2022-10-28 00:14:45.591  INFO 3992 --- [    Test worker] .b.t.c.SpringBootTestContextBootstrapper : Neither @ContextConfiguration nor @ContextHierarchy found for test class [com.employeelaptopdeliverytracking.employeelaptopdeliverytracking.AuthControllerAndRepairControllerTests], using SpringBootContextLoader
2022-10-28 00:14:45.593  INFO 3992 --- [    Test worker] o.s.t.c.support.AbstractContextLoader    : Could not detect default resource locations for test class [com.employeelaptopdeliverytracking.employeelaptopdeliverytracking.AuthControllerAndRepairControllerTests]: no resource found for suffixes {-context.xml, Context.groovy}.
2022-10-28 00:14:45.593  INFO 3992 --- [    Test worker] t.c.s.AnnotationConfigContextLoaderUtils : Could not detect default configuration classes for test class [com.employeelaptopdeliverytracking.employeelaptopdeliverytracking.AuthControllerAndRepairControllerTests]: AuthControllerAndRepairControllerTests does not declare any static, non-private, non-final, nested classes annotated with @Configuration.
2022-10-28 00:14:45.596  INFO 3992 --- [    Test worker] .b.t.c.SpringBootTestContextBootstrapper : Found @SpringBootConfiguration com.employeelaptopdeliverytracking.employeelaptopdeliverytracking.EmployeelaptopdeliverytrackingApplication for test class com.employeelaptopdeliverytracking.employeelaptopdeliverytracking.AuthControllerAndRepairControllerTests
2022-10-28 00:14:45.600  INFO 3992 --- [    Test worker] .b.t.c.SpringBootTestContextBootstrapper : Loaded default TestExecutionListener class names from location [META-INF/spring.factories]: [org.springframework.boot.test.autoconfigure.restdocs.RestDocsTestExecutionListener, org.springframework.boot.test.autoconfigure.web.client.MockRestServiceServerResetTestExecutionListener, org.springframework.boot.test.autoconfigure.web.servlet.MockMvcPrintOnlyOnFailureTestExecutionListener, org.springframework.boot.test.autoconfigure.web.servlet.WebDriverTestExecutionListener, org.springframework.boot.test.autoconfigure.webservices.client.MockWebServiceServerTestExecutionListener, org.springframework.boot.test.mock.mockito.MockitoTestExecutionListener, org.springframework.boot.test.mock.mockito.ResetMocksTestExecutionListener, org.springframework.test.context.web.ServletTestExecutionListener, org.springframework.test.context.support.DirtiesContextBeforeModesTestExecutionListener, org.springframework.test.context.event.ApplicationEventsTestExecutionListener, org.springframework.test.context.support.DependencyInjectionTestExecutionListener, org.springframework.test.context.support.DirtiesContextTestExecutionListener, org.springframework.test.context.transaction.TransactionalTestExecutionListener, org.springframework.test.context.jdbc.SqlScriptsTestExecutionListener, org.springframework.test.context.event.EventPublishingTestExecutionListener]
2022-10-28 00:14:45.601  INFO 3992 --- [    Test worker] .b.t.c.SpringBootTestContextBootstrapper : Using TestExecutionListeners: [org.springframework.test.context.web.ServletTestExecutionListener@60e7ebf5, org.springframework.test.context.support.DirtiesContextBeforeModesTestExecutionListener@2b5bf602, org.springframework.test.context.event.ApplicationEventsTestExecutionListener@2d92426e, org.springframework.boot.test.mock.mockito.MockitoTestExecutionListener@15f54ceb, org.springframework.boot.test.autoconfigure.SpringBootDependencyInjectionTestExecutionListener@4a92a5e3, org.springframework.test.context.support.DirtiesContextTestExecutionListener@3e8da155, org.springframework.test.context.transaction.TransactionalTestExecutionListener@13305d8, org.springframework.test.context.jdbc.SqlScriptsTestExecutionListener@3e9e9301, org.springframework.test.context.event.EventPublishingTestExecutionListener@61fc848c, org.springframework.boot.test.autoconfigure.restdocs.RestDocsTestExecutionListener@32a806ef, org.springframework.boot.test.autoconfigure.web.client.MockRestServiceServerResetTestExecutionListener@2bacc8a7, org.springframework.boot.test.autoconfigure.web.servlet.MockMvcPrintOnlyOnFailureTestExecutionListener@61e04048, org.springframework.boot.test.autoconfigure.web.servlet.WebDriverTestExecutionListener@64bd601c, org.springframework.boot.test.autoconfigure.webservices.client.MockWebServiceServerTestExecutionListener@16d08d1a, org.springframework.boot.test.mock.mockito.ResetMocksTestExecutionListener@5bf48697]
]]></system-out>
  <system-err><![CDATA[]]></system-err>
</testsuite>
