<?xml version="1.0" encoding="UTF-8"?>
<testsuite name="com.employeelaptopdeliverytracking.employeelaptopdeliverytracking.ServiceRatingTest" tests="2" skipped="0" failures="0" errors="0" timestamp="2022-10-27T17:35:30" hostname="SKDB-73CQGPS" time="0.045">
  <properties/>
  <testcase name="testAddServiceRatingD()" classname="com.employeelaptopdeliverytracking.employeelaptopdeliverytracking.ServiceRatingTest" time="0.023"/>
  <testcase name="testAddServiceRating()" classname="com.employeelaptopdeliverytracking.employeelaptopdeliverytracking.ServiceRatingTest" time="0.021"/>
  <system-out><![CDATA[2022-10-27 23:05:30.224  INFO 21944 --- [    Test worker] .b.t.c.SpringBootTestContextBootstrapper : Neither @ContextConfiguration nor @ContextHierarchy found for test class [com.employeelaptopdeliverytracking.employeelaptopdeliverytracking.ServiceRatingTest], using SpringBootContextLoader
2022-10-27 23:05:30.225  INFO 21944 --- [    Test worker] o.s.t.c.support.AbstractContextLoader    : Could not detect default resource locations for test class [com.employeelaptopdeliverytracking.employeelaptopdeliverytracking.ServiceRatingTest]: no resource found for suffixes {-context.xml, Context.groovy}.
2022-10-27 23:05:30.225  INFO 21944 --- [    Test worker] t.c.s.AnnotationConfigContextLoaderUtils : Could not detect default configuration classes for test class [com.employeelaptopdeliverytracking.employeelaptopdeliverytracking.ServiceRatingTest]: ServiceRatingTest does not declare any static, non-private, non-final, nested classes annotated with @Configuration.
2022-10-27 23:05:30.225  INFO 21944 --- [    Test worker] .b.t.c.SpringBootTestContextBootstrapper : Found @SpringBootConfiguration com.employeelaptopdeliverytracking.employeelaptopdeliverytracking.EmployeelaptopdeliverytrackingApplication for test class com.employeelaptopdeliverytracking.employeelaptopdeliverytracking.ServiceRatingTest
2022-10-27 23:05:30.226  INFO 21944 --- [    Test worker] .b.t.c.SpringBootTestContextBootstrapper : Loaded default TestExecutionListener class names from location [META-INF/spring.factories]: [org.springframework.boot.test.autoconfigure.restdocs.RestDocsTestExecutionListener, org.springframework.boot.test.autoconfigure.web.client.MockRestServiceServerResetTestExecutionListener, org.springframework.boot.test.autoconfigure.web.servlet.MockMvcPrintOnlyOnFailureTestExecutionListener, org.springframework.boot.test.autoconfigure.web.servlet.WebDriverTestExecutionListener, org.springframework.boot.test.autoconfigure.webservices.client.MockWebServiceServerTestExecutionListener, org.springframework.boot.test.mock.mockito.MockitoTestExecutionListener, org.springframework.boot.test.mock.mockito.ResetMocksTestExecutionListener, org.springframework.test.context.web.ServletTestExecutionListener, org.springframework.test.context.support.DirtiesContextBeforeModesTestExecutionListener, org.springframework.test.context.event.ApplicationEventsTestExecutionListener, org.springframework.test.context.support.DependencyInjectionTestExecutionListener, org.springframework.test.context.support.DirtiesContextTestExecutionListener, org.springframework.test.context.transaction.TransactionalTestExecutionListener, org.springframework.test.context.jdbc.SqlScriptsTestExecutionListener, org.springframework.test.context.event.EventPublishingTestExecutionListener]
2022-10-27 23:05:30.227  INFO 21944 --- [    Test worker] .b.t.c.SpringBootTestContextBootstrapper : Using TestExecutionListeners: [org.springframework.test.context.web.ServletTestExecutionListener@4da1c044, org.springframework.test.context.support.DirtiesContextBeforeModesTestExecutionListener@156a6822, org.springframework.test.context.event.ApplicationEventsTestExecutionListener@7ac51aca, org.springframework.boot.test.mock.mockito.MockitoTestExecutionListener@75027282, org.springframework.boot.test.autoconfigure.SpringBootDependencyInjectionTestExecutionListener@36e23f86, org.springframework.test.context.support.DirtiesContextTestExecutionListener@700f6a00, org.springframework.test.context.transaction.TransactionalTestExecutionListener@22ce2d81, org.springframework.test.context.jdbc.SqlScriptsTestExecutionListener@443edd38, org.springframework.test.context.event.EventPublishingTestExecutionListener@6307c436, org.springframework.boot.test.autoconfigure.restdocs.RestDocsTestExecutionListener@68d3fd3c, org.springframework.boot.test.autoconfigure.web.client.MockRestServiceServerResetTestExecutionListener@3b226782, org.springframework.boot.test.autoconfigure.web.servlet.MockMvcPrintOnlyOnFailureTestExecutionListener@947bac3, org.springframework.boot.test.autoconfigure.web.servlet.WebDriverTestExecutionListener@543ce9a9, org.springframework.boot.test.autoconfigure.webservices.client.MockWebServiceServerTestExecutionListener@2371c40f, org.springframework.boot.test.mock.mockito.ResetMocksTestExecutionListener@bc7a994]
]]></system-out>
  <system-err><![CDATA[]]></system-err>
</testsuite>
