<?xml version="1.0" encoding="UTF-8"?>
<testsuite name="com.employeelaptopdeliverytracking.employeelaptopdeliverytracking.EmployeelaptopdeliverytrackingApplicationTests" tests="1" skipped="0" failures="0" errors="0" timestamp="2022-10-27T17:35:30" hostname="SKDB-73CQGPS" time="0.002">
  <properties/>
  <testcase name="contextLoads()" classname="com.employeelaptopdeliverytracking.employeelaptopdeliverytracking.EmployeelaptopdeliverytrackingApplicationTests" time="0.002"/>
  <system-out><![CDATA[2022-10-27 23:05:30.053  INFO 21944 --- [    Test worker] .b.t.c.SpringBootTestContextBootstrapper : Neither @ContextConfiguration nor @ContextHierarchy found for test class [com.employeelaptopdeliverytracking.employeelaptopdeliverytracking.EmployeelaptopdeliverytrackingApplicationTests], using SpringBootContextLoader
2022-10-27 23:05:30.053  INFO 21944 --- [    Test worker] o.s.t.c.support.AbstractContextLoader    : Could not detect default resource locations for test class [com.employeelaptopdeliverytracking.employeelaptopdeliverytracking.EmployeelaptopdeliverytrackingApplicationTests]: no resource found for suffixes {-context.xml, Context.groovy}.
2022-10-27 23:05:30.053  INFO 21944 --- [    Test worker] t.c.s.AnnotationConfigContextLoaderUtils : Could not detect default configuration classes for test class [com.employeelaptopdeliverytracking.employeelaptopdeliverytracking.EmployeelaptopdeliverytrackingApplicationTests]: EmployeelaptopdeliverytrackingApplicationTests does not declare any static, non-private, non-final, nested classes annotated with @Configuration.
2022-10-27 23:05:30.054  INFO 21944 --- [    Test worker] .b.t.c.SpringBootTestContextBootstrapper : Found @SpringBootConfiguration com.employeelaptopdeliverytracking.employeelaptopdeliverytracking.EmployeelaptopdeliverytrackingApplication for test class com.employeelaptopdeliverytracking.employeelaptopdeliverytracking.EmployeelaptopdeliverytrackingApplicationTests
2022-10-27 23:05:30.055  INFO 21944 --- [    Test worker] .b.t.c.SpringBootTestContextBootstrapper : Loaded default TestExecutionListener class names from location [META-INF/spring.factories]: [org.springframework.boot.test.autoconfigure.restdocs.RestDocsTestExecutionListener, org.springframework.boot.test.autoconfigure.web.client.MockRestServiceServerResetTestExecutionListener, org.springframework.boot.test.autoconfigure.web.servlet.MockMvcPrintOnlyOnFailureTestExecutionListener, org.springframework.boot.test.autoconfigure.web.servlet.WebDriverTestExecutionListener, org.springframework.boot.test.autoconfigure.webservices.client.MockWebServiceServerTestExecutionListener, org.springframework.boot.test.mock.mockito.MockitoTestExecutionListener, org.springframework.boot.test.mock.mockito.ResetMocksTestExecutionListener, org.springframework.test.context.web.ServletTestExecutionListener, org.springframework.test.context.support.DirtiesContextBeforeModesTestExecutionListener, org.springframework.test.context.event.ApplicationEventsTestExecutionListener, org.springframework.test.context.support.DependencyInjectionTestExecutionListener, org.springframework.test.context.support.DirtiesContextTestExecutionListener, org.springframework.test.context.transaction.TransactionalTestExecutionListener, org.springframework.test.context.jdbc.SqlScriptsTestExecutionListener, org.springframework.test.context.event.EventPublishingTestExecutionListener]
2022-10-27 23:05:30.055  INFO 21944 --- [    Test worker] .b.t.c.SpringBootTestContextBootstrapper : Using TestExecutionListeners: [org.springframework.test.context.web.ServletTestExecutionListener@711211eb, org.springframework.test.context.support.DirtiesContextBeforeModesTestExecutionListener@650fdcaa, org.springframework.test.context.event.ApplicationEventsTestExecutionListener@258507ed, org.springframework.boot.test.mock.mockito.MockitoTestExecutionListener@50b68f14, org.springframework.boot.test.autoconfigure.SpringBootDependencyInjectionTestExecutionListener@31ca41a0, org.springframework.test.context.support.DirtiesContextTestExecutionListener@2a3b21bf, org.springframework.test.context.transaction.TransactionalTestExecutionListener@278cf17a, org.springframework.test.context.jdbc.SqlScriptsTestExecutionListener@432614b0, org.springframework.test.context.event.EventPublishingTestExecutionListener@20829a35, org.springframework.boot.test.autoconfigure.restdocs.RestDocsTestExecutionListener@53477143, org.springframework.boot.test.autoconfigure.web.client.MockRestServiceServerResetTestExecutionListener@13004d70, org.springframework.boot.test.autoconfigure.web.servlet.MockMvcPrintOnlyOnFailureTestExecutionListener@60f04834, org.springframework.boot.test.autoconfigure.web.servlet.WebDriverTestExecutionListener@5497352d, org.springframework.boot.test.autoconfigure.webservices.client.MockWebServiceServerTestExecutionListener@3cb28b95, org.springframework.boot.test.mock.mockito.ResetMocksTestExecutionListener@2d482abe]
]]></system-out>
  <system-err><![CDATA[]]></system-err>
</testsuite>
