<?xml version="1.0" encoding="UTF-8"?>
<testsuite name="com.employeelaptopdeliverytracking.employeelaptopdeliverytracking.EmployeelaptopdeliverytrackingApplicationTests" tests="1" skipped="0" failures="0" errors="0" timestamp="2022-10-27T06:15:21" hostname="SKDB-73CQGPS" time="0.006">
  <properties/>
  <testcase name="contextLoads()" classname="com.employeelaptopdeliverytracking.employeelaptopdeliverytracking.EmployeelaptopdeliverytrackingApplicationTests" time="0.006"/>
  <system-out><![CDATA[2022-10-27 11:45:21.654  INFO 19988 --- [    Test worker] .b.t.c.SpringBootTestContextBootstrapper : Neither @ContextConfiguration nor @ContextHierarchy found for test class [com.employeelaptopdeliverytracking.employeelaptopdeliverytracking.EmployeelaptopdeliverytrackingApplicationTests], using SpringBootContextLoader
2022-10-27 11:45:21.655  INFO 19988 --- [    Test worker] o.s.t.c.support.AbstractContextLoader    : Could not detect default resource locations for test class [com.employeelaptopdeliverytracking.employeelaptopdeliverytracking.EmployeelaptopdeliverytrackingApplicationTests]: no resource found for suffixes {-context.xml, Context.groovy}.
2022-10-27 11:45:21.657  INFO 19988 --- [    Test worker] t.c.s.AnnotationConfigContextLoaderUtils : Could not detect default configuration classes for test class [com.employeelaptopdeliverytracking.employeelaptopdeliverytracking.EmployeelaptopdeliverytrackingApplicationTests]: EmployeelaptopdeliverytrackingApplicationTests does not declare any static, non-private, non-final, nested classes annotated with @Configuration.
2022-10-27 11:45:21.663  INFO 19988 --- [    Test worker] .b.t.c.SpringBootTestContextBootstrapper : Found @SpringBootConfiguration com.employeelaptopdeliverytracking.employeelaptopdeliverytracking.EmployeelaptopdeliverytrackingApplication for test class com.employeelaptopdeliverytracking.employeelaptopdeliverytracking.EmployeelaptopdeliverytrackingApplicationTests
2022-10-27 11:45:21.671  INFO 19988 --- [    Test worker] .b.t.c.SpringBootTestContextBootstrapper : Loaded default TestExecutionListener class names from location [META-INF/spring.factories]: [org.springframework.boot.test.autoconfigure.restdocs.RestDocsTestExecutionListener, org.springframework.boot.test.autoconfigure.web.client.MockRestServiceServerResetTestExecutionListener, org.springframework.boot.test.autoconfigure.web.servlet.MockMvcPrintOnlyOnFailureTestExecutionListener, org.springframework.boot.test.autoconfigure.web.servlet.WebDriverTestExecutionListener, org.springframework.boot.test.autoconfigure.webservices.client.MockWebServiceServerTestExecutionListener, org.springframework.boot.test.mock.mockito.MockitoTestExecutionListener, org.springframework.boot.test.mock.mockito.ResetMocksTestExecutionListener, org.springframework.test.context.web.ServletTestExecutionListener, org.springframework.test.context.support.DirtiesContextBeforeModesTestExecutionListener, org.springframework.test.context.event.ApplicationEventsTestExecutionListener, org.springframework.test.context.support.DependencyInjectionTestExecutionListener, org.springframework.test.context.support.DirtiesContextTestExecutionListener, org.springframework.test.context.transaction.TransactionalTestExecutionListener, org.springframework.test.context.jdbc.SqlScriptsTestExecutionListener, org.springframework.test.context.event.EventPublishingTestExecutionListener]
2022-10-27 11:45:21.671  INFO 19988 --- [    Test worker] .b.t.c.SpringBootTestContextBootstrapper : Using TestExecutionListeners: [org.springframework.test.context.web.ServletTestExecutionListener@6bc685bb, org.springframework.test.context.support.DirtiesContextBeforeModesTestExecutionListener@35f84425, org.springframework.test.context.event.ApplicationEventsTestExecutionListener@3082b959, org.springframework.boot.test.mock.mockito.MockitoTestExecutionListener@633f8517, org.springframework.boot.test.autoconfigure.SpringBootDependencyInjectionTestExecutionListener@3c8b2f96, org.springframework.test.context.support.DirtiesContextTestExecutionListener@4ba58d4e, org.springframework.test.context.transaction.TransactionalTestExecutionListener@6ec8bd12, org.springframework.test.context.jdbc.SqlScriptsTestExecutionListener@71c09ae1, org.springframework.test.context.event.EventPublishingTestExecutionListener@14d2fcd0, org.springframework.boot.test.autoconfigure.restdocs.RestDocsTestExecutionListener@737adcf9, org.springframework.boot.test.autoconfigure.web.client.MockRestServiceServerResetTestExecutionListener@5871cfa9, org.springframework.boot.test.autoconfigure.web.servlet.MockMvcPrintOnlyOnFailureTestExecutionListener@2d1351d4, org.springframework.boot.test.autoconfigure.web.servlet.WebDriverTestExecutionListener@2e240cda, org.springframework.boot.test.autoconfigure.webservices.client.MockWebServiceServerTestExecutionListener@b9c90f3, org.springframework.boot.test.mock.mockito.ResetMocksTestExecutionListener@5dc60aae]
]]></system-out>
  <system-err><![CDATA[]]></system-err>
</testsuite>
